#
# A fatal error has been detected by the Java Runtime Environment:
#
#  SIGSEGV (0xb) at pc=0x00007f6c57055b07, pid=5958, tid=140103025350400
#
# JRE version: OpenJDK Runtime Environment (7.0_85-b01) (build 1.7.0_85-b01)
# Java VM: OpenJDK 64-Bit Server VM (24.85-b03 mixed mode linux-amd64 compressed oops)
# Derivative: IcedTea 2.6.1
# Distribution: Ubuntu 15.04, package 7u85-2.6.1-5ubuntu0.15.04.1
# Problematic frame:
# V  [libjvm.so+0x603b07]  java_lang_String::length(oopDesc*) [clone .part.50]+0x37
#
# Failed to write core dump. Core dumps have been disabled. To enable core dumping, try "ulimit -c unlimited" before starting Java again
#
# If you would like to submit a bug report, please include
# instructions on how to reproduce the bug and visit:
#   http://icedtea.classpath.org/bugzilla
#

---------------  T H R E A D  ---------------

Current thread (0x00007f6c500b6800):  JavaThread "JDWP Transport Listener: dt_socket" daemon [_thread_in_vm, id=5975, stack(0x00007f6c46fed000,0x00007f6c470ee000)]

siginfo:si_signo=SIGSEGV: si_errno=0, si_code=1 (SEGV_MAPERR), si_addr=0x000000000000000c

Registers:
RAX=0x0000000000000000, RBX=0x0000000000000000, RCX=0x00007f6c57cd5340, RDX=0x000000000000000c
RSP=0x00007f6c470eca60, RBP=0x00007f6c470eca60, RSI=0x00007f6c200053d0, RDI=0x00000007d6f4ffa8
R8 =0x00007f6c470ecab0, R9 =0x0000000000000000, R10=0x0000000000000000, R11=0x0000000000000206
R12=0x0000000000000001, R13=0x0000000000000000, R14=0x00000007d6f4ffa8, R15=0x0000000000000000
RIP=0x00007f6c57055b07, EFLAGS=0x0000000000010246, CSGSFS=0x0000000000000033, ERR=0x0000000000000004
  TRAPNO=0x000000000000000e

Top of Stack: (sp=0x00007f6c470eca60)
0x00007f6c470eca60:   00007f6c470eca90 00007f6c57056625
0x00007f6c470eca70:   00007f6c500b6800 00007f6c500b6800
0x00007f6c470eca80:   00007f6c200053d0 00007f6c200053d0
0x00007f6c470eca90:   00007f6c470ecb10 00007f6c570685ce
0x00007f6c470ecaa0:   00007f6c500b6800 00007f6c500b6800
0x00007f6c470ecab0:   00007f6c500b6800 0000000000000000
0x00007f6c470ecac0:   00007f6c470ecaf0 00007f6c500b69d8
0x00007f6c470ecad0:   00007f6c55bdb040 578c014cee3c8600
0x00007f6c470ecae0:   00007f6c470ecb10 00007f6c500b69d8
0x00007f6c470ecaf0:   00007f6c55bdb040 00007f6c200053d0
0x00007f6c470ecb00:   00007f6c470ecbc0 00007f6c55bdb040
0x00007f6c470ecb10:   00007f6c470ecb50 00007f6c559a8402
0x00007f6c470ecb20:   00007f6c470ecbc0 000000000000000a
0x00007f6c470ecb30:   00007f6c470ecb90 0000000000000001
0x00007f6c470ecb40:   00007f6c470ecbc0 00007f6c55bdb040
0x00007f6c470ecb50:   00007f6c470ecd80 00007f6c559b0b08
0x00007f6c470ecb60:   00007f6c500b77f0 00007f6c00010a00
0x00007f6c470ecb70:   000010c400000013 00007f6c46010a00
0x00007f6c470ecb80:   00007f6c18000fd0 00007f6c5721dc76
0x00007f6c470ecb90:   00007f6c18000fd8 000000000000000b
0x00007f6c470ecba0:   000010c400000013 00007f6c46010a00
0x00007f6c470ecbb0:   00007f6c18000fd0 00007f6c200052c0
0x00007f6c470ecbc0:   00007f6c470ecc10 00007f6c0000012c
0x00007f6c470ecbd0:   00007f6c470ecbd8 00007f6c00000000
0x00007f6c470ecbe0:   00007f6c470ecc10 0000000000000000
0x00007f6c470ecbf0:   00007f0000000000 000010c400000014
0x00007f6c470ecc00:   00007f6c0000ac80 00007f6c470ecc10
0x00007f6c470ecc10:   000000000000004c 0000000000000000
0x00007f6c470ecc20:   7369687404000000 76616a4c12000000
0x00007f6c470ecc30:   532f676e616c2f61 00003b676e697274
0x00007f6c470ecc40:   0000430000000000 0000000000000000
0x00007f6c470ecc50:   6176050000000000 5b0200000065756c 

Instructions: (pc=0x00007f6c57055b07)
0x00007f6c57055ae7:   8b 14 07 31 c0 85 d2 74 12 89 d0 48 8d 15 57 bc
0x00007f6c57055af7:   80 00 8b 4a 08 48 d3 e0 48 03 02 ba 0c 00 00 00
0x00007f6c57055b07:   8b 04 10 5d c3 0f 1f 40 00 48 8b 04 07 ba 10 00
0x00007f6c57055b17:   00 00 5d 8b 04 10 c3 66 90 55 48 89 e5 53 48 89 

Register to memory mapping:

RAX=0x0000000000000000 is an unknown value
RBX=0x0000000000000000 is an unknown value
RCX=0x00007f6c57cd5340: <offset 0x219340> in /lib/x86_64-linux-gnu/libpthread.so.0 at 0x00007f6c57abc000
RDX=0x000000000000000c is an unknown value
RSP=0x00007f6c470eca60 is pointing into the stack for thread: 0x00007f6c500b6800
RBP=0x00007f6c470eca60 is pointing into the stack for thread: 0x00007f6c500b6800
RSI=0x00007f6c200053d0 is a global jni handle
RDI=0x00000007d6f4ffa8 is an oop
java.lang.String 
 - klass: 'java/lang/String'
R8 =0x00007f6c470ecab0 is pointing into the stack for thread: 0x00007f6c500b6800
R9 =0x0000000000000000 is an unknown value
R10=0x0000000000000000 is an unknown value
R11=0x0000000000000206 is an unknown value
R12=0x0000000000000001 is an unknown value
R13=0x0000000000000000 is an unknown value
R14=0x00000007d6f4ffa8 is an oop
java.lang.String 
 - klass: 'java/lang/String'
R15=0x0000000000000000 is an unknown value


Stack: [0x00007f6c46fed000,0x00007f6c470ee000],  sp=0x00007f6c470eca60,  free space=1022k
Native frames: (J=compiled Java code, j=interpreted, Vv=VM code, C=native code)
V  [libjvm.so+0x603b07]  java_lang_String::length(oopDesc*) [clone .part.50]+0x37
V  [libjvm.so+0x604625]  java_lang_String::utf8_length(oopDesc*)+0x95
V  [libjvm.so+0x6165ce]  jni_GetStringUTFChars+0x5e
C  [libjdwp.so+0x9402]
C  [libjdwp.so+0x11b08]
C  [libjdwp.so+0x23f65]
V  [libjvm.so+0x6d02b1]  JvmtiAgentThread::start_function_wrapper(JavaThread*, Thread*)+0xa1
V  [libjvm.so+0x93c728]  JavaThread::thread_main_inner()+0x118
V  [libjvm.so+0x93c9b1]  JavaThread::run()+0x231
V  [libjvm.so+0x800712]  java_start(Thread*)+0xf2


---------------  P R O C E S S  ---------------

Java Threads: ( => current thread )
  0x00007f6c500c2000 JavaThread "Service Thread" daemon [_thread_blocked, id=5984, stack(0x00007f6c46ae8000,0x00007f6c46be9000)]
  0x00007f6c500bf800 JavaThread "C2 CompilerThread1" daemon [_thread_blocked, id=5983, stack(0x00007f6c46be9000,0x00007f6c46cea000)]
  0x00007f6c500bc800 JavaThread "C2 CompilerThread0" daemon [_thread_blocked, id=5982, stack(0x00007f6c46cea000,0x00007f6c46deb000)]
  0x00007f6c20001000 JavaThread "JDWP Command Reader" daemon [_thread_in_native, id=5979, stack(0x00007f6c46deb000,0x00007f6c46eec000)]
  0x00007f6c500ba000 JavaThread "JDWP Event Helper Thread" daemon [_thread_blocked, id=5976, stack(0x00007f6c46eec000,0x00007f6c46fed000)]
=>0x00007f6c500b6800 JavaThread "JDWP Transport Listener: dt_socket" daemon [_thread_in_vm, id=5975, stack(0x00007f6c46fed000,0x00007f6c470ee000)]
  0x00007f6c500a9800 JavaThread "Signal Dispatcher" daemon [_thread_blocked, id=5973, stack(0x00007f6c472f3000,0x00007f6c473f4000)]
  0x00007f6c5007f800 JavaThread "Finalizer" daemon [_thread_blocked, id=5972, stack(0x00007f6c473f4000,0x00007f6c474f5000)]
  0x00007f6c5007d800 JavaThread "Reference Handler" daemon [_thread_blocked, id=5971, stack(0x00007f6c474f5000,0x00007f6c475f6000)]
  0x00007f6c5000d000 JavaThread "main" [_thread_blocked, id=5964, stack(0x00007f6c585b3000,0x00007f6c586b4000)]

Other Threads:
  0x00007f6c50079000 VMThread [stack: 0x00007f6c475f6000,0x00007f6c476f7000] [id=5970]
  0x00007f6c500c5000 WatcherThread [stack: 0x00007f6c469e7000,0x00007f6c46ae8000] [id=5985]

VM state:not at safepoint (normal execution)

VM Mutex/Monitor currently owned by a thread: None

Heap
 PSYoungGen      total 36864K, used 1904K [0x00000007d6f00000, 0x00000007d9800000, 0x0000000800000000)
  eden space 31744K, 6% used [0x00000007d6f00000,0x00000007d70dc390,0x00000007d8e00000)
  from space 5120K, 0% used [0x00000007d9300000,0x00000007d9300000,0x00000007d9800000)
  to   space 5120K, 0% used [0x00000007d8e00000,0x00000007d8e00000,0x00000007d9300000)
 ParOldGen       total 83968K, used 0K [0x0000000784e00000, 0x000000078a000000, 0x00000007d6f00000)
  object space 83968K, 0% used [0x0000000784e00000,0x0000000784e00000,0x000000078a000000)
 PSPermGen       total 21504K, used 2779K [0x000000077a800000, 0x000000077bd00000, 0x0000000784e00000)
  object space 21504K, 12% used [0x000000077a800000,0x000000077aab6c10,0x000000077bd00000)

Card table byte_map: [0x00007f6c544f1000,0x00007f6c5491e000] byte_map_base: 0x00007f6c5091d000

Polling page: 0x00007f6c586d6000

Code Cache  [0x00007f6c4d000000, 0x00007f6c4d270000, 0x00007f6c50000000)
 total_blobs=159 nmethods=0 adapters=136 free_code_cache=48775Kb largest_free_block=49946176

Compilation events (0 events):
No events

GC Heap History (0 events):
No events

Deoptimization events (0 events):
No events

Internal exceptions (5 events):
Event: 0,036 Thread 0x00007f6c5000d000 Threw 0x00000007d6f0f018 at /build/openjdk-7-X9jDCD/openjdk-7-7u85-2.6.1/build/openjdk/hotspot/src/share/vm/prims/jni.cpp:3995
Event: 0,129 Thread 0x00007f6c5000d000 Threw 0x00000007d6f463a0 at /build/openjdk-7-X9jDCD/openjdk-7-7u85-2.6.1/build/openjdk/hotspot/src/share/vm/prims/jni.cpp:721
Event: 0,129 Thread 0x00007f6c5000d000 Threw 0x00000007d6f46520 at /build/openjdk-7-X9jDCD/openjdk-7-7u85-2.6.1/build/openjdk/hotspot/src/share/vm/prims/jvm.cpp:1322
Event: 0,129 Thread 0x00007f6c5000d000 Threw 0x00000007d6f46648 at /build/openjdk-7-X9jDCD/openjdk-7-7u85-2.6.1/build/openjdk/hotspot/src/share/vm/prims/jvm.cpp:1322
Event: 0,129 Thread 0x00007f6c5000d000 Threw 0x00000007d6f4ad48 at /build/openjdk-7-X9jDCD/openjdk-7-7u85-2.6.1/build/openjdk/hotspot/src/share/vm/prims/jvm.cpp:1322

Events (10 events):
Event: 40,156 Executing VM operation: GetCurrentLocation
Event: 40,156 Executing VM operation: GetCurrentLocation done
Event: 40,156 Executing VM operation: ChangeSingleStep
Event: 40,156 Executing VM operation: ChangeSingleStep done
Event: 40,156 Executing VM operation: ChangeSingleStep
Event: 40,156 Executing VM operation: ChangeSingleStep done
Event: 40,161 Executing VM operation: GetOrSetLocal
Event: 40,161 Executing VM operation: GetOrSetLocal done
Event: 40,165 Executing VM operation: GetOrSetLocal
Event: 40,165 Executing VM operation: GetOrSetLocal done


Dynamic libraries:
00400000-00401000 r-xp 00000000 08:08 10618008                           /usr/lib/jvm/java-7-openjdk-amd64/jre/bin/java
00600000-00601000 r--p 00000000 08:08 10618008                           /usr/lib/jvm/java-7-openjdk-amd64/jre/bin/java
00601000-00602000 rw-p 00001000 08:08 10618008                           /usr/lib/jvm/java-7-openjdk-amd64/jre/bin/java
00e5f000-00e80000 rw-p 00000000 00:00 0                                  [heap]
77a800000-77bd00000 rw-p 00000000 00:00 0 
77bd00000-784e00000 rw-p 00000000 00:00 0 
784e00000-78a000000 rw-p 00000000 00:00 0 
78a000000-7d6f00000 rw-p 00000000 00:00 0 
7d6f00000-7d9800000 rw-p 00000000 00:00 0 
7d9800000-800000000 rw-p 00000000 00:00 0 
7f6c04000000-7f6c04021000 rw-p 00000000 00:00 0 
7f6c04021000-7f6c08000000 ---p 00000000 00:00 0 
7f6c08000000-7f6c08021000 rw-p 00000000 00:00 0 
7f6c08021000-7f6c0c000000 ---p 00000000 00:00 0 
7f6c0c000000-7f6c0c021000 rw-p 00000000 00:00 0 
7f6c0c021000-7f6c10000000 ---p 00000000 00:00 0 
7f6c10000000-7f6c10021000 rw-p 00000000 00:00 0 
7f6c10021000-7f6c14000000 ---p 00000000 00:00 0 
7f6c14000000-7f6c14021000 rw-p 00000000 00:00 0 
7f6c14021000-7f6c18000000 ---p 00000000 00:00 0 
7f6c18000000-7f6c18021000 rw-p 00000000 00:00 0 
7f6c18021000-7f6c1c000000 ---p 00000000 00:00 0 
7f6c1c000000-7f6c1c021000 rw-p 00000000 00:00 0 
7f6c1c021000-7f6c20000000 ---p 00000000 00:00 0 
7f6c20000000-7f6c20021000 rw-p 00000000 00:00 0 
7f6c20021000-7f6c24000000 ---p 00000000 00:00 0 
7f6c24000000-7f6c24021000 rw-p 00000000 00:00 0 
7f6c24021000-7f6c28000000 ---p 00000000 00:00 0 
7f6c28000000-7f6c28021000 rw-p 00000000 00:00 0 
7f6c28021000-7f6c2c000000 ---p 00000000 00:00 0 
7f6c2c000000-7f6c2c021000 rw-p 00000000 00:00 0 
7f6c2c021000-7f6c30000000 ---p 00000000 00:00 0 
7f6c33d40000-7f6c38000000 rw-p 00000000 00:00 0 
7f6c38000000-7f6c38021000 rw-p 00000000 00:00 0 
7f6c38021000-7f6c3c000000 ---p 00000000 00:00 0 
7f6c3c000000-7f6c3c021000 rw-p 00000000 00:00 0 
7f6c3c021000-7f6c40000000 ---p 00000000 00:00 0 
7f6c40000000-7f6c40021000 rw-p 00000000 00:00 0 
7f6c40021000-7f6c44000000 ---p 00000000 00:00 0 
7f6c467ae000-7f6c469e7000 rw-p 00000000 00:00 0 
7f6c469e7000-7f6c469e8000 ---p 00000000 00:00 0 
7f6c469e8000-7f6c46ae8000 rw-p 00000000 00:00 0                          [stack:5985]
7f6c46ae8000-7f6c46aeb000 ---p 00000000 00:00 0 
7f6c46aeb000-7f6c46be9000 rw-p 00000000 00:00 0                          [stack:5984]
7f6c46be9000-7f6c46bec000 ---p 00000000 00:00 0 
7f6c46bec000-7f6c46cea000 rw-p 00000000 00:00 0                          [stack:5983]
7f6c46cea000-7f6c46ced000 ---p 00000000 00:00 0 
7f6c46ced000-7f6c46deb000 rw-p 00000000 00:00 0                          [stack:5982]
7f6c46deb000-7f6c46dee000 ---p 00000000 00:00 0 
7f6c46dee000-7f6c46eec000 rw-p 00000000 00:00 0                          [stack:5979]
7f6c46eec000-7f6c46eef000 ---p 00000000 00:00 0 
7f6c46eef000-7f6c46fed000 rw-p 00000000 00:00 0                          [stack:5976]
7f6c46fed000-7f6c46ff0000 ---p 00000000 00:00 0 
7f6c46ff0000-7f6c470ee000 rw-p 00000000 00:00 0                          [stack:5975]
7f6c470ee000-7f6c470f2000 r-xp 00000000 08:08 10224284                   /usr/lib/jvm/java-7-openjdk-amd64/jre/lib/amd64/libdt_socket.so
7f6c470f2000-7f6c472f1000 ---p 00004000 08:08 10224284                   /usr/lib/jvm/java-7-openjdk-amd64/jre/lib/amd64/libdt_socket.so
7f6c472f1000-7f6c472f2000 r--p 00003000 08:08 10224284                   /usr/lib/jvm/java-7-openjdk-amd64/jre/lib/amd64/libdt_socket.so
7f6c472f2000-7f6c472f3000 rw-p 00004000 08:08 10224284                   /usr/lib/jvm/java-7-openjdk-amd64/jre/lib/amd64/libdt_socket.so
7f6c472f3000-7f6c472f6000 ---p 00000000 00:00 0 
7f6c472f6000-7f6c473f4000 rw-p 00000000 00:00 0                          [stack:5973]
7f6c473f4000-7f6c473f7000 ---p 00000000 00:00 0 
7f6c473f7000-7f6c474f5000 rw-p 00000000 00:00 0                          [stack:5972]
7f6c474f5000-7f6c474f8000 ---p 00000000 00:00 0 
7f6c474f8000-7f6c475f6000 rw-p 00000000 00:00 0                          [stack:5971]
7f6c475f6000-7f6c475f7000 ---p 00000000 00:00 0 
7f6c475f7000-7f6c48000000 rw-p 00000000 00:00 0                          [stack:5970]
7f6c48000000-7f6c48021000 rw-p 00000000 00:00 0 
7f6c48021000-7f6c4c000000 ---p 00000000 00:00 0 
7f6c4c009000-7f6c4c6fd000 rw-p 00000000 00:00 0 
7f6c4c6fd000-7f6c4c8af000 r--s 01d30000 08:08 10224271                   /usr/lib/jvm/java-7-openjdk-amd64/jre/lib/rt.jar
7f6c4c8af000-7f6c4cdfe000 rw-p 00000000 00:00 0 
7f6c4cdfe000-7f6c4cdff000 ---p 00000000 00:00 0 
7f6c4cdff000-7f6c4ceff000 rw-p 00000000 00:00 0                          [stack:5968]
7f6c4ceff000-7f6c4cf00000 ---p 00000000 00:00 0 
7f6c4cf00000-7f6c4d000000 rw-p 00000000 00:00 0                          [stack:5967]
7f6c4d000000-7f6c4d270000 rwxp 00000000 00:00 0 
7f6c4d270000-7f6c50114000 rw-p 00000000 00:00 0 
7f6c50114000-7f6c54000000 ---p 00000000 00:00 0 
7f6c5400b000-7f6c5400c000 ---p 00000000 00:00 0 
7f6c5400c000-7f6c5410c000 rw-p 00000000 00:00 0                          [stack:5966]
7f6c5410c000-7f6c5410d000 ---p 00000000 00:00 0 
7f6c5410d000-7f6c54218000 rw-p 00000000 00:00 0                          [stack:5965]
7f6c54218000-7f6c54260000 rw-p 00000000 00:00 0 
7f6c54260000-7f6c54289000 rw-p 00000000 00:00 0 
7f6c54289000-7f6c544f1000 rw-p 00000000 00:00 0 
7f6c544f1000-7f6c544fc000 rw-p 00000000 00:00 0 
7f6c544fc000-7f6c54544000 rw-p 00000000 00:00 0 
7f6c54544000-7f6c5456d000 rw-p 00000000 00:00 0 
7f6c5456d000-7f6c547d4000 rw-p 00000000 00:00 0 
7f6c547d4000-7f6c547e9000 rw-p 00000000 00:00 0 
7f6c547e9000-7f6c5491d000 rw-p 00000000 00:00 0 
7f6c5491d000-7f6c5491e000 rw-p 00000000 00:00 0 
7f6c5491e000-7f6c54926000 r-xp 00000000 08:08 10224281                   /usr/lib/jvm/java-7-openjdk-amd64/jre/lib/amd64/libzip.so
7f6c54926000-7f6c54b25000 ---p 00008000 08:08 10224281                   /usr/lib/jvm/java-7-openjdk-amd64/jre/lib/amd64/libzip.so
7f6c54b25000-7f6c54b26000 r--p 00007000 08:08 10224281                   /usr/lib/jvm/java-7-openjdk-amd64/jre/lib/amd64/libzip.so
7f6c54b26000-7f6c54b27000 rw-p 00008000 08:08 10224281                   /usr/lib/jvm/java-7-openjdk-amd64/jre/lib/amd64/libzip.so
7f6c54b27000-7f6c54b33000 r-xp 00000000 08:08 15860056                   /lib/x86_64-linux-gnu/libnss_files-2.21.so
7f6c54b33000-7f6c54d32000 ---p 0000c000 08:08 15860056                   /lib/x86_64-linux-gnu/libnss_files-2.21.so
7f6c54d32000-7f6c54d33000 r--p 0000b000 08:08 15860056                   /lib/x86_64-linux-gnu/libnss_files-2.21.so
7f6c54d33000-7f6c54d34000 rw-p 0000c000 08:08 15860056                   /lib/x86_64-linux-gnu/libnss_files-2.21.so
7f6c54d34000-7f6c54d3f000 r-xp 00000000 08:08 15859969                   /lib/x86_64-linux-gnu/libnss_nis-2.21.so
7f6c54d3f000-7f6c54f3e000 ---p 0000b000 08:08 15859969                   /lib/x86_64-linux-gnu/libnss_nis-2.21.so
7f6c54f3e000-7f6c54f3f000 r--p 0000a000 08:08 15859969                   /lib/x86_64-linux-gnu/libnss_nis-2.21.so
7f6c54f3f000-7f6c54f40000 rw-p 0000b000 08:08 15859969                   /lib/x86_64-linux-gnu/libnss_nis-2.21.so
7f6c54f40000-7f6c54f57000 r-xp 00000000 08:08 15860062                   /lib/x86_64-linux-gnu/libnsl-2.21.so
7f6c54f57000-7f6c55156000 ---p 00017000 08:08 15860062                   /lib/x86_64-linux-gnu/libnsl-2.21.so
7f6c55156000-7f6c55157000 r--p 00016000 08:08 15860062                   /lib/x86_64-linux-gnu/libnsl-2.21.so
7f6c55157000-7f6c55158000 rw-p 00017000 08:08 15860062                   /lib/x86_64-linux-gnu/libnsl-2.21.so
7f6c55158000-7f6c5515a000 rw-p 00000000 00:00 0 
7f6c5515a000-7f6c55162000 r-xp 00000000 08:08 15860058                   /lib/x86_64-linux-gnu/libnss_compat-2.21.so
7f6c55162000-7f6c55361000 ---p 00008000 08:08 15860058                   /lib/x86_64-linux-gnu/libnss_compat-2.21.so
7f6c55361000-7f6c55362000 r--p 00007000 08:08 15860058                   /lib/x86_64-linux-gnu/libnss_compat-2.21.so
7f6c55362000-7f6c55363000 rw-p 00008000 08:08 15860058                   /lib/x86_64-linux-gnu/libnss_compat-2.21.so
7f6c55363000-7f6c5579b000 r--p 00000000 08:08 8652527                    /usr/lib/locale/locale-archive
7f6c5579b000-7f6c5579d000 r-xp 00000000 08:08 10224288                   /usr/lib/jvm/java-7-openjdk-amd64/jre/lib/amd64/libnpt.so
7f6c5579d000-7f6c5599d000 ---p 00002000 08:08 10224288                   /usr/lib/jvm/java-7-openjdk-amd64/jre/lib/amd64/libnpt.so
7f6c5599d000-7f6c5599e000 r--p 00002000 08:08 10224288                   /usr/lib/jvm/java-7-openjdk-amd64/jre/lib/amd64/libnpt.so
7f6c5599e000-7f6c5599f000 rw-p 00003000 08:08 10224288                   /usr/lib/jvm/java-7-openjdk-amd64/jre/lib/amd64/libnpt.so
7f6c5599f000-7f6c559da000 r-xp 00000000 08:08 10224293                   /usr/lib/jvm/java-7-openjdk-amd64/jre/lib/amd64/libjdwp.so
7f6c559da000-7f6c55bd9000 ---p 0003b000 08:08 10224293                   /usr/lib/jvm/java-7-openjdk-amd64/jre/lib/amd64/libjdwp.so
7f6c55bd9000-7f6c55bda000 r--p 0003a000 08:08 10224293                   /usr/lib/jvm/java-7-openjdk-amd64/jre/lib/amd64/libjdwp.so
7f6c55bda000-7f6c55bdb000 rw-p 0003b000 08:08 10224293                   /usr/lib/jvm/java-7-openjdk-amd64/jre/lib/amd64/libjdwp.so
7f6c55bdb000-7f6c55bdc000 rw-p 00000000 00:00 0 
7f6c55bdc000-7f6c55c09000 r-xp 00000000 08:08 10224289                   /usr/lib/jvm/java-7-openjdk-amd64/jre/lib/amd64/libjava.so
7f6c55c09000-7f6c55e08000 ---p 0002d000 08:08 10224289                   /usr/lib/jvm/java-7-openjdk-amd64/jre/lib/amd64/libjava.so
7f6c55e08000-7f6c55e09000 r--p 0002c000 08:08 10224289                   /usr/lib/jvm/java-7-openjdk-amd64/jre/lib/amd64/libjava.so
7f6c55e09000-7f6c55e0b000 rw-p 0002d000 08:08 10224289                   /usr/lib/jvm/java-7-openjdk-amd64/jre/lib/amd64/libjava.so
7f6c55e0b000-7f6c55e1a000 r-xp 00000000 08:08 10224304                   /usr/lib/jvm/java-7-openjdk-amd64/jre/lib/amd64/libverify.so
7f6c55e1a000-7f6c56019000 ---p 0000f000 08:08 10224304                   /usr/lib/jvm/java-7-openjdk-amd64/jre/lib/amd64/libverify.so
7f6c56019000-7f6c5601c000 r--p 0000e000 08:08 10224304                   /usr/lib/jvm/java-7-openjdk-amd64/jre/lib/amd64/libverify.so
7f6c5601c000-7f6c5601d000 rw-p 00011000 08:08 10224304                   /usr/lib/jvm/java-7-openjdk-amd64/jre/lib/amd64/libverify.so
7f6c5601d000-7f6c56024000 r-xp 00000000 08:08 15860063                   /lib/x86_64-linux-gnu/librt-2.21.so
7f6c56024000-7f6c56223000 ---p 00007000 08:08 15860063                   /lib/x86_64-linux-gnu/librt-2.21.so
7f6c56223000-7f6c56224000 r--p 00006000 08:08 15860063                   /lib/x86_64-linux-gnu/librt-2.21.so
7f6c56224000-7f6c56225000 rw-p 00007000 08:08 15860063                   /lib/x86_64-linux-gnu/librt-2.21.so
7f6c56225000-7f6c5623b000 r-xp 00000000 08:08 15859913                   /lib/x86_64-linux-gnu/libgcc_s.so.1
7f6c5623b000-7f6c5643a000 ---p 00016000 08:08 15859913                   /lib/x86_64-linux-gnu/libgcc_s.so.1
7f6c5643a000-7f6c5643b000 rw-p 00015000 08:08 15859913                   /lib/x86_64-linux-gnu/libgcc_s.so.1
7f6c5643b000-7f6c56542000 r-xp 00000000 08:08 15860061                   /lib/x86_64-linux-gnu/libm-2.21.so
7f6c56542000-7f6c56741000 ---p 00107000 08:08 15860061                   /lib/x86_64-linux-gnu/libm-2.21.so
7f6c56741000-7f6c56742000 r--p 00106000 08:08 15860061                   /lib/x86_64-linux-gnu/libm-2.21.so
7f6c56742000-7f6c56743000 rw-p 00107000 08:08 15860061                   /lib/x86_64-linux-gnu/libm-2.21.so
7f6c56743000-7f6c56833000 r-xp 00000000 08:08 8650822                    /usr/lib/x86_64-linux-gnu/libstdc++.so.6.0.20
7f6c56833000-7f6c56a33000 ---p 000f0000 08:08 8650822                    /usr/lib/x86_64-linux-gnu/libstdc++.so.6.0.20
7f6c56a33000-7f6c56a3b000 r--p 000f0000 08:08 8650822                    /usr/lib/x86_64-linux-gnu/libstdc++.so.6.0.20
7f6c56a3b000-7f6c56a3d000 rw-p 000f8000 08:08 8650822                    /usr/lib/x86_64-linux-gnu/libstdc++.so.6.0.20
7f6c56a3d000-7f6c56a52000 rw-p 00000000 00:00 0 
7f6c56a52000-7f6c575b2000 r-xp 00000000 08:08 10224296                   /usr/lib/jvm/java-7-openjdk-amd64/jre/lib/amd64/server/libjvm.so
7f6c575b2000-7f6c577b2000 ---p 00b60000 08:08 10224296                   /usr/lib/jvm/java-7-openjdk-amd64/jre/lib/amd64/server/libjvm.so
7f6c577b2000-7f6c57851000 r--p 00b60000 08:08 10224296                   /usr/lib/jvm/java-7-openjdk-amd64/jre/lib/amd64/server/libjvm.so
7f6c57851000-7f6c57874000 rw-p 00bff000 08:08 10224296                   /usr/lib/jvm/java-7-openjdk-amd64/jre/lib/amd64/server/libjvm.so
7f6c57874000-7f6c578a1000 rw-p 00000000 00:00 0 
7f6c578a1000-7f6c578ba000 r-xp 00000000 08:08 15859877                   /lib/x86_64-linux-gnu/libz.so.1.2.8
7f6c578ba000-7f6c57aba000 ---p 00019000 08:08 15859877                   /lib/x86_64-linux-gnu/libz.so.1.2.8
7f6c57aba000-7f6c57abb000 r--p 00019000 08:08 15859877                   /lib/x86_64-linux-gnu/libz.so.1.2.8
7f6c57abb000-7f6c57abc000 rw-p 0001a000 08:08 15859877                   /lib/x86_64-linux-gnu/libz.so.1.2.8
7f6c57abc000-7f6c57ad4000 r-xp 00000000 08:08 15860053                   /lib/x86_64-linux-gnu/libpthread-2.21.so
7f6c57ad4000-7f6c57cd4000 ---p 00018000 08:08 15860053                   /lib/x86_64-linux-gnu/libpthread-2.21.so
7f6c57cd4000-7f6c57cd5000 r--p 00018000 08:08 15860053                   /lib/x86_64-linux-gnu/libpthread-2.21.so
7f6c57cd5000-7f6c57cd6000 rw-p 00019000 08:08 15860053                   /lib/x86_64-linux-gnu/libpthread-2.21.so
7f6c57cd6000-7f6c57cda000 rw-p 00000000 00:00 0 
7f6c57cda000-7f6c57cdd000 r-xp 00000000 08:08 15860011                   /lib/x86_64-linux-gnu/libdl-2.21.so
7f6c57cdd000-7f6c57edc000 ---p 00003000 08:08 15860011                   /lib/x86_64-linux-gnu/libdl-2.21.so
7f6c57edc000-7f6c57edd000 r--p 00002000 08:08 15860011                   /lib/x86_64-linux-gnu/libdl-2.21.so
7f6c57edd000-7f6c57ede000 rw-p 00003000 08:08 15860011                   /lib/x86_64-linux-gnu/libdl-2.21.so
7f6c57ede000-7f6c5809e000 r-xp 00000000 08:08 15860066                   /lib/x86_64-linux-gnu/libc-2.21.so
7f6c5809e000-7f6c5829e000 ---p 001c0000 08:08 15860066                   /lib/x86_64-linux-gnu/libc-2.21.so
7f6c5829e000-7f6c582a2000 r--p 001c0000 08:08 15860066                   /lib/x86_64-linux-gnu/libc-2.21.so
7f6c582a2000-7f6c582a4000 rw-p 001c4000 08:08 15860066                   /lib/x86_64-linux-gnu/libc-2.21.so
7f6c582a4000-7f6c582a8000 rw-p 00000000 00:00 0 
7f6c582a8000-7f6c582b5000 r-xp 00000000 08:08 10224305                   /usr/lib/jvm/java-7-openjdk-amd64/jre/lib/amd64/jli/libjli.so
7f6c582b5000-7f6c584b4000 ---p 0000d000 08:08 10224305                   /usr/lib/jvm/java-7-openjdk-amd64/jre/lib/amd64/jli/libjli.so
7f6c584b4000-7f6c584b5000 r--p 0000c000 08:08 10224305                   /usr/lib/jvm/java-7-openjdk-amd64/jre/lib/amd64/jli/libjli.so
7f6c584b5000-7f6c584b6000 rw-p 0000d000 08:08 10224305                   /usr/lib/jvm/java-7-openjdk-amd64/jre/lib/amd64/jli/libjli.so
7f6c584b6000-7f6c584da000 r-xp 00000000 08:08 15860052                   /lib/x86_64-linux-gnu/ld-2.21.so
7f6c584f1000-7f6c584fd000 rw-p 00000000 00:00 0 
7f6c584fd000-7f6c585b3000 rw-p 00000000 00:00 0 
7f6c585b3000-7f6c585b6000 ---p 00000000 00:00 0 
7f6c585b6000-7f6c586b9000 rw-p 00000000 00:00 0                          [stack:5964]
7f6c586b9000-7f6c586ba000 r--s 00002000 08:08 10224268                   /usr/lib/jvm/java-7-openjdk-amd64/jre/lib/ext/dnsns.jar
7f6c586ba000-7f6c586bd000 r--s 0000f000 08:08 10224265                   /usr/lib/jvm/java-7-openjdk-amd64/jre/lib/ext/icedtea-sound.jar
7f6c586bd000-7f6c586c1000 r--s 00085000 08:08 10224264                   /usr/lib/jvm/java-7-openjdk-amd64/jre/lib/ext/localedata.jar
7f6c586c1000-7f6c586c3000 r--s 00006000 08:08 9044012                    /usr/share/java/java-atk-wrapper.jar
7f6c586c3000-7f6c586c7000 r--s 0003c000 08:08 10224267                   /usr/lib/jvm/java-7-openjdk-amd64/jre/lib/ext/sunpkcs11.jar
7f6c586c7000-7f6c586cb000 r--s 00034000 08:08 10224266                   /usr/lib/jvm/java-7-openjdk-amd64/jre/lib/ext/sunjce_provider.jar
7f6c586cb000-7f6c586cd000 r--s 00012000 08:08 10224263                   /usr/lib/jvm/java-7-openjdk-amd64/jre/lib/ext/zipfs.jar
7f6c586cd000-7f6c586d5000 rw-s 00000000 08:08 12189726                   /tmp/hsperfdata_illya/5958
7f6c586d5000-7f6c586d6000 rw-p 00000000 00:00 0 
7f6c586d6000-7f6c586d7000 r--p 00000000 00:00 0 
7f6c586d7000-7f6c586d9000 rw-p 00000000 00:00 0 
7f6c586d9000-7f6c586da000 r--p 00023000 08:08 15860052                   /lib/x86_64-linux-gnu/ld-2.21.so
7f6c586da000-7f6c586db000 rw-p 00024000 08:08 15860052                   /lib/x86_64-linux-gnu/ld-2.21.so
7f6c586db000-7f6c586dc000 rw-p 00000000 00:00 0 
7ffe30e17000-7ffe30e38000 rw-p 00000000 00:00 0                          [stack]
7ffe30fb9000-7ffe30fbb000 r--p 00000000 00:00 0                          [vvar]
7ffe30fbb000-7ffe30fbd000 r-xp 00000000 00:00 0                          [vdso]
ffffffffff600000-ffffffffff601000 r-xp 00000000 00:00 0                  [vsyscall]

VM Arguments:
jvm_args: -agentlib:jdwp=transport=dt_socket,suspend=y,address=localhost:33291 -Dfile.encoding=UTF-8 
java_command: org.mariadb.dyncol.DynCol
Launcher Type: SUN_STANDARD

Environment Variables:
PATH=/usr/local/sbin:/usr/local/bin:/usr/sbin:/usr/bin:/sbin:/bin:/usr/games:/usr/local/games
SHELL=/bin/bash
DISPLAY=:0

Signal Handlers:
SIGSEGV: [libjvm.so+0x992480], sa_mask[0]=0x7ffbfeff, sa_flags=0x10000004
SIGBUS: [libjvm.so+0x992480], sa_mask[0]=0x7ffbfeff, sa_flags=0x10000004
SIGFPE: [libjvm.so+0x7fed30], sa_mask[0]=0x7ffbfeff, sa_flags=0x10000004
SIGPIPE: [libjvm.so+0x7fed30], sa_mask[0]=0x7ffbfeff, sa_flags=0x10000004
SIGXFSZ: [libjvm.so+0x7fed30], sa_mask[0]=0x7ffbfeff, sa_flags=0x10000004
SIGILL: [libjvm.so+0x7fed30], sa_mask[0]=0x7ffbfeff, sa_flags=0x10000004
SIGUSR1: SIG_DFL, sa_mask[0]=0x00000000, sa_flags=0x00000000
SIGUSR2: [libjvm.so+0x7febb0], sa_mask[0]=0x00000004, sa_flags=0x10000004
SIGHUP: [libjvm.so+0x7fedb0], sa_mask[0]=0x7ffbfeff, sa_flags=0x10000004
SIGINT: [libjvm.so+0x7fedb0], sa_mask[0]=0x7ffbfeff, sa_flags=0x10000004
SIGTERM: [libjvm.so+0x7fedb0], sa_mask[0]=0x7ffbfeff, sa_flags=0x10000004
SIGQUIT: [libjvm.so+0x7fedb0], sa_mask[0]=0x7ffbfeff, sa_flags=0x10000004
SIGTRAP: SIG_DFL, sa_mask[0]=0x00000000, sa_flags=0x00000000


---------------  S Y S T E M  ---------------

OS:Ubuntu 15.04 (vivid)
uname:Linux 3.19.0-26-generic #28-Ubuntu SMP Tue Aug 11 14:16:32 UTC 2015 x86_64
libc:glibc 2.21 NPTL 2.21 
rlimit: STACK 8192k, CORE 0k, NPROC 31132, NOFILE 65536, AS infinity
load average:0,09 0,11 0,13

/proc/meminfo:
MemTotal:        8065352 kB
MemFree:         4615676 kB
MemAvailable:    5482836 kB
Buffers:          100804 kB
Cached:          1312384 kB
SwapCached:            0 kB
Active:          2426556 kB
Inactive:         803212 kB
Active(anon):    1818428 kB
Inactive(anon):   403760 kB
Active(file):     608128 kB
Inactive(file):   399452 kB
Unevictable:          84 kB
Mlocked:              84 kB
SwapTotal:       8278012 kB
SwapFree:        8278012 kB
Dirty:               124 kB
Writeback:             0 kB
AnonPages:       1817128 kB
Mapped:           490656 kB
Shmem:            405200 kB
Slab:              93332 kB
SReclaimable:      57032 kB
SUnreclaim:        36300 kB
KernelStack:       10032 kB
PageTables:        44848 kB
NFS_Unstable:          0 kB
Bounce:                0 kB
WritebackTmp:          0 kB
CommitLimit:    12310688 kB
Committed_AS:    7169464 kB
VmallocTotal:   34359738367 kB
VmallocUsed:      558184 kB
VmallocChunk:   34359083952 kB
HardwareCorrupted:     0 kB
AnonHugePages:    679936 kB
CmaTotal:              0 kB
CmaFree:               0 kB
HugePages_Total:       0
HugePages_Free:        0
HugePages_Rsvd:        0
HugePages_Surp:        0
Hugepagesize:       2048 kB
DirectMap4k:      172800 kB
DirectMap2M:     4960256 kB
DirectMap1G:     4194304 kB


CPU:total 4 (2 cores per cpu, 2 threads per core) family 6 model 69 stepping 1, cmov, cx8, fxsr, mmx, sse, sse2, sse3, ssse3, sse4.1, sse4.2, popcnt, avx, avx2, aes, erms, ht, tsc, tscinvbit

/proc/cpuinfo:
processor	: 0
vendor_id	: GenuineIntel
cpu family	: 6
model		: 69
model name	: Intel(R) Core(TM) i7-4500U CPU @ 1.80GHz
stepping	: 1
microcode	: 0x1c
cpu MHz		: 2832.000
cache size	: 4096 KB
physical id	: 0
siblings	: 4
core id		: 0
cpu cores	: 2
apicid		: 0
initial apicid	: 0
fpu		: yes
fpu_exception	: yes
cpuid level	: 13
wp		: yes
flags		: fpu vme de pse tsc msr pae mce cx8 apic sep mtrr pge mca cmov pat pse36 clflush dts acpi mmx fxsr sse sse2 ss ht tm pbe syscall nx pdpe1gb rdtscp lm constant_tsc arch_perfmon pebs bts rep_good nopl xtopology nonstop_tsc aperfmperf eagerfpu pni pclmulqdq dtes64 monitor ds_cpl vmx est tm2 ssse3 fma cx16 xtpr pdcm pcid sse4_1 sse4_2 movbe popcnt tsc_deadline_timer aes xsave avx f16c rdrand lahf_lm abm ida arat epb pln pts dtherm tpr_shadow vnmi flexpriority ept vpid fsgsbase tsc_adjust bmi1 avx2 smep bmi2 erms invpcid xsaveopt
bugs		:
bogomips	: 4789.03
clflush size	: 64
cache_alignment	: 64
address sizes	: 39 bits physical, 48 bits virtual
power management:

processor	: 1
vendor_id	: GenuineIntel
cpu family	: 6
model		: 69
model name	: Intel(R) Core(TM) i7-4500U CPU @ 1.80GHz
stepping	: 1
microcode	: 0x1c
cpu MHz		: 2424.000
cache size	: 4096 KB
physical id	: 0
siblings	: 4
core id		: 0
cpu cores	: 2
apicid		: 1
initial apicid	: 1
fpu		: yes
fpu_exception	: yes
cpuid level	: 13
wp		: yes
flags		: fpu vme de pse tsc msr pae mce cx8 apic sep mtrr pge mca cmov pat pse36 clflush dts acpi mmx fxsr sse sse2 ss ht tm pbe syscall nx pdpe1gb rdtscp lm constant_tsc arch_perfmon pebs bts rep_good nopl xtopology nonstop_tsc aperfmperf eagerfpu pni pclmulqdq dtes64 monitor ds_cpl vmx est tm2 ssse3 fma cx16 xtpr pdcm pcid sse4_1 sse4_2 movbe popcnt tsc_deadline_timer aes xsave avx f16c rdrand lahf_lm abm ida arat epb pln pts dtherm tpr_shadow vnmi flexpriority ept vpid fsgsbase tsc_adjust bmi1 avx2 smep bmi2 erms invpcid xsaveopt
bugs		:
bogomips	: 4789.03
clflush size	: 64
cache_alignment	: 64
address sizes	: 39 bits physical, 48 bits virtual
power management:

processor	: 2
vendor_id	: GenuineIntel
cpu family	: 6
model		: 69
model name	: Intel(R) Core(TM) i7-4500U CPU @ 1.80GHz
stepping	: 1
microcode	: 0x1c
cpu MHz		: 2572.500
cache size	: 4096 KB
physical id	: 0
siblings	: 4
core id		: 1
cpu cores	: 2
apicid		: 2
initial apicid	: 2
fpu		: yes
fpu_exception	: yes
cpuid level	: 13
wp		: yes
flags		: fpu vme de pse tsc msr pae mce cx8 apic sep mtrr pge mca cmov pat pse36 clflush dts acpi mmx fxsr sse sse2 ss ht tm pbe syscall nx pdpe1gb rdtscp lm constant_tsc arch_perfmon pebs bts rep_good nopl xtopology nonstop_tsc aperfmperf eagerfpu pni pclmulqdq dtes64 monitor ds_cpl vmx est tm2 ssse3 fma cx16 xtpr pdcm pcid sse4_1 sse4_2 movbe popcnt tsc_deadline_timer aes xsave avx f16c rdrand lahf_lm abm ida arat epb pln pts dtherm tpr_shadow vnmi flexpriority ept vpid fsgsbase tsc_adjust bmi1 avx2 smep bmi2 erms invpcid xsaveopt
bugs		:
bogomips	: 4789.03
clflush size	: 64
cache_alignment	: 64
address sizes	: 39 bits physical, 48 bits virtual
power management:

processor	: 3
vendor_id	: GenuineIntel
cpu family	: 6
model		: 69
model name	: Intel(R) Core(TM) i7-4500U CPU @ 1.80GHz
stepping	: 1
microcode	: 0x1c
cpu MHz		: 1858.968
cache size	: 4096 KB
physical id	: 0
siblings	: 4
core id		: 1
cpu cores	: 2
apicid		: 3
initial apicid	: 3
fpu		: yes
fpu_exception	: yes
cpuid level	: 13
wp		: yes
flags		: fpu vme de pse tsc msr pae mce cx8 apic sep mtrr pge mca cmov pat pse36 clflush dts acpi mmx fxsr sse sse2 ss ht tm pbe syscall nx pdpe1gb rdtscp lm constant_tsc arch_perfmon pebs bts rep_good nopl xtopology nonstop_tsc aperfmperf eagerfpu pni pclmulqdq dtes64 monitor ds_cpl vmx est tm2 ssse3 fma cx16 xtpr pdcm pcid sse4_1 sse4_2 movbe popcnt tsc_deadline_timer aes xsave avx f16c rdrand lahf_lm abm ida arat epb pln pts dtherm tpr_shadow vnmi flexpriority ept vpid fsgsbase tsc_adjust bmi1 avx2 smep bmi2 erms invpcid xsaveopt
bugs		:
bogomips	: 4789.03
clflush size	: 64
cache_alignment	: 64
address sizes	: 39 bits physical, 48 bits virtual
power management:



Memory: 4k page, physical 8065352k(4615676k free), swap 8278012k(8278012k free)

vm_info: OpenJDK 64-Bit Server VM (24.85-b03) for linux-amd64 JRE (1.7.0_85-b01), built on Oct 22 2015 10:09:03 by "buildd" with gcc 4.9.2

time: Sat Nov  7 00:03:59 2015
elapsed time: 40 seconds

