#
# A fatal error has been detected by the Java Runtime Environment:
#
#  SIGSEGV (0xb) at pc=0x00007fce3694fb07, pid=3533, tid=140523116508928
#
# JRE version: OpenJDK Runtime Environment (7.0_85-b01) (build 1.7.0_85-b01)
# Java VM: OpenJDK 64-Bit Server VM (24.85-b03 mixed mode linux-amd64 compressed oops)
# Derivative: IcedTea 2.6.1
# Distribution: Ubuntu 15.04, package 7u85-2.6.1-5ubuntu0.15.04.1
# Problematic frame:
# V  [libjvm.so+0x603b07]  java_lang_String::length(oopDesc*) [clone .part.50]+0x37
#
# Failed to write core dump. Core dumps have been disabled. To enable core dumping, try "ulimit -c unlimited" before starting Java again
#
# If you would like to submit a bug report, please include
# instructions on how to reproduce the bug and visit:
#   http://icedtea.classpath.org/bugzilla
#

---------------  T H R E A D  ---------------

Current thread (0x00007fce300b6800):  JavaThread "JDWP Transport Listener: dt_socket" daemon [_thread_in_vm, id=3550, stack(0x00007fce16613000,0x00007fce16714000)]

siginfo:si_signo=SIGSEGV: si_errno=0, si_code=1 (SEGV_MAPERR), si_addr=0x000000000000000c

Registers:
RAX=0x0000000000000000, RBX=0x0000000000000000, RCX=0x00007fce375cf340, RDX=0x000000000000000c
RSP=0x00007fce16712a60, RBP=0x00007fce16712a60, RSI=0x00007fcdf00015c8, RDI=0x00000007d6f626d8
R8 =0x00007fce16712ab0, R9 =0x0000000000000000, R10=0x0000000000000000, R11=0x0000000000000206
R12=0x0000000000000001, R13=0x0000000000000000, R14=0x00000007d6f626d8, R15=0x0000000000000000
RIP=0x00007fce3694fb07, EFLAGS=0x0000000000010246, CSGSFS=0x0000000000000033, ERR=0x0000000000000004
  TRAPNO=0x000000000000000e

Top of Stack: (sp=0x00007fce16712a60)
0x00007fce16712a60:   00007fce16712a90 00007fce36950625
0x00007fce16712a70:   00007fce300b6800 00007fce300b6800
0x00007fce16712a80:   00007fcdf00015c8 00007fcdf00015c8
0x00007fce16712a90:   00007fce16712b10 00007fce369625ce
0x00007fce16712aa0:   00007fce300b6800 00007fce300b6800
0x00007fce16712ab0:   00007fce300b6800 0000000000000000
0x00007fce16712ac0:   00007fce16712af0 00007fce300b69d8
0x00007fce16712ad0:   00007fce354d5040 94a5e8517824db00
0x00007fce16712ae0:   00007fce16712b10 00007fce300b69d8
0x00007fce16712af0:   00007fce354d5040 00007fcdf00015c8
0x00007fce16712b00:   00007fce16712bc0 00007fce354d5040
0x00007fce16712b10:   00007fce16712b50 00007fce352a2402
0x00007fce16712b20:   00007fce16712bc0 000000000000000a
0x00007fce16712b30:   00007fce16712b90 0000000000000001
0x00007fce16712b40:   00007fce16712bc0 00007fce354d5040
0x00007fce16712b50:   00007fce16712d80 00007fce352aab08
0x00007fce16712b60:   00007fce300b78a0 00007fcd00010a00
0x00007fce16712b70:   00014e7200000013 00007fce16010a00
0x00007fce16712b80:   00007fcdfc000f80 00007fce36b17c76
0x00007fce16712b90:   00007fcdfc000f88 000000000000000b
0x00007fce16712ba0:   00014e7200000013 00007fce16010a00
0x00007fce16712bb0:   00007fcdfc000f80 00007fce04006d20
0x00007fce16712bc0:   00007fce16712c10 00007fce0000012c
0x00007fce16712bd0:   00007fce16712bd8 00007fce00000000
0x00007fce16712be0:   00007fce16712c10 0000000000000000
0x00007fce16712bf0:   00007f0000000000 00014e7200000018
0x00007fce16712c00:   00007fce0000ac80 00007fce16712c10
0x00007fce16712c10:   0000005b01000000 0000002300000000
0x00007fce16712c20:   7369687404000000 76616a4c12000000
0x00007fce16712c30:   532f676e616c2f61 00003b676e697274
0x00007fce16712c40:   00000a0000000000 0000000000000000
0x00007fce16712c50:   7962050000000000 5b02000000736574 

Instructions: (pc=0x00007fce3694fb07)
0x00007fce3694fae7:   8b 14 07 31 c0 85 d2 74 12 89 d0 48 8d 15 57 bc
0x00007fce3694faf7:   80 00 8b 4a 08 48 d3 e0 48 03 02 ba 0c 00 00 00
0x00007fce3694fb07:   8b 04 10 5d c3 0f 1f 40 00 48 8b 04 07 ba 10 00
0x00007fce3694fb17:   00 00 5d 8b 04 10 c3 66 90 55 48 89 e5 53 48 89 

Register to memory mapping:

RAX=0x0000000000000000 is an unknown value
RBX=0x0000000000000000 is an unknown value
RCX=0x00007fce375cf340: <offset 0x219340> in /lib/x86_64-linux-gnu/libpthread.so.0 at 0x00007fce373b6000
RDX=0x000000000000000c is an unknown value
RSP=0x00007fce16712a60 is pointing into the stack for thread: 0x00007fce300b6800
RBP=0x00007fce16712a60 is pointing into the stack for thread: 0x00007fce300b6800
RSI=0x00007fcdf00015c8 is a global jni handle
RDI=0x00000007d6f626d8 is an oop
java.lang.String 
 - klass: 'java/lang/String'
R8 =0x00007fce16712ab0 is pointing into the stack for thread: 0x00007fce300b6800
R9 =0x0000000000000000 is an unknown value
R10=0x0000000000000000 is an unknown value
R11=0x0000000000000206 is an unknown value
R12=0x0000000000000001 is an unknown value
R13=0x0000000000000000 is an unknown value
R14=0x00000007d6f626d8 is an oop
java.lang.String 
 - klass: 'java/lang/String'
R15=0x0000000000000000 is an unknown value


Stack: [0x00007fce16613000,0x00007fce16714000],  sp=0x00007fce16712a60,  free space=1022k
Native frames: (J=compiled Java code, j=interpreted, Vv=VM code, C=native code)
V  [libjvm.so+0x603b07]  java_lang_String::length(oopDesc*) [clone .part.50]+0x37
V  [libjvm.so+0x604625]  java_lang_String::utf8_length(oopDesc*)+0x95
V  [libjvm.so+0x6165ce]  jni_GetStringUTFChars+0x5e
C  [libjdwp.so+0x9402]
C  [libjdwp.so+0x11b08]
C  [libjdwp.so+0x23f65]
V  [libjvm.so+0x6d02b1]  JvmtiAgentThread::start_function_wrapper(JavaThread*, Thread*)+0xa1
V  [libjvm.so+0x93c728]  JavaThread::thread_main_inner()+0x118
V  [libjvm.so+0x93c9b1]  JavaThread::run()+0x231
V  [libjvm.so+0x800712]  java_start(Thread*)+0xf2


---------------  P R O C E S S  ---------------

Java Threads: ( => current thread )
  0x00007fce300c2000 JavaThread "Service Thread" daemon [_thread_blocked, id=3559, stack(0x00007fce1610e000,0x00007fce1620f000)]
  0x00007fce300bf800 JavaThread "C2 CompilerThread1" daemon [_thread_blocked, id=3558, stack(0x00007fce1620f000,0x00007fce16310000)]
  0x00007fce300bc800 JavaThread "C2 CompilerThread0" daemon [_thread_blocked, id=3557, stack(0x00007fce16310000,0x00007fce16411000)]
  0x00007fce04001000 JavaThread "JDWP Command Reader" daemon [_thread_in_native, id=3554, stack(0x00007fce16411000,0x00007fce16512000)]
  0x00007fce300ba000 JavaThread "JDWP Event Helper Thread" daemon [_thread_blocked, id=3551, stack(0x00007fce16512000,0x00007fce16613000)]
=>0x00007fce300b6800 JavaThread "JDWP Transport Listener: dt_socket" daemon [_thread_in_vm, id=3550, stack(0x00007fce16613000,0x00007fce16714000)]
  0x00007fce300a9800 JavaThread "Signal Dispatcher" daemon [_thread_blocked, id=3548, stack(0x00007fce16919000,0x00007fce16a1a000)]
  0x00007fce3007f800 JavaThread "Finalizer" daemon [_thread_blocked, id=3546, stack(0x00007fce16a1a000,0x00007fce16b1b000)]
  0x00007fce3007d800 JavaThread "Reference Handler" daemon [_thread_blocked, id=3545, stack(0x00007fce16b1b000,0x00007fce16c1c000)]
  0x00007fce3000d000 JavaThread "main" [_thread_blocked, id=3536, stack(0x00007fce37ead000,0x00007fce37fae000)]

Other Threads:
  0x00007fce30079000 VMThread [stack: 0x00007fce16c1c000,0x00007fce16d1d000] [id=3544]
  0x00007fce300cd000 WatcherThread [stack: 0x00007fce1600d000,0x00007fce1610e000] [id=3560]

VM state:not at safepoint (normal execution)

VM Mutex/Monitor currently owned by a thread: None

Heap
 PSYoungGen      total 36864K, used 1904K [0x00000007d6f00000, 0x00000007d9800000, 0x0000000800000000)
  eden space 31744K, 6% used [0x00000007d6f00000,0x00000007d70dc390,0x00000007d8e00000)
  from space 5120K, 0% used [0x00000007d9300000,0x00000007d9300000,0x00000007d9800000)
  to   space 5120K, 0% used [0x00000007d8e00000,0x00000007d8e00000,0x00000007d9300000)
 ParOldGen       total 83968K, used 0K [0x0000000784e00000, 0x000000078a000000, 0x00000007d6f00000)
  object space 83968K, 0% used [0x0000000784e00000,0x0000000784e00000,0x000000078a000000)
 PSPermGen       total 21504K, used 2848K [0x000000077a800000, 0x000000077bd00000, 0x0000000784e00000)
  object space 21504K, 13% used [0x000000077a800000,0x000000077aac8250,0x000000077bd00000)

Card table byte_map: [0x00007fce2cbd3000,0x00007fce2d000000] byte_map_base: 0x00007fce28fff000

Polling page: 0x00007fce37fd0000

Code Cache  [0x00007fce2d000000, 0x00007fce2d270000, 0x00007fce30000000)
 total_blobs=159 nmethods=0 adapters=136 free_code_cache=48775Kb largest_free_block=49946176

Compilation events (0 events):
No events

GC Heap History (0 events):
No events

Deoptimization events (0 events):
No events

Internal exceptions (7 events):
Event: 0,044 Thread 0x00007fce3000d000 Threw 0x00000007d6f0f128 at /build/openjdk-7-X9jDCD/openjdk-7-7u85-2.6.1/build/openjdk/hotspot/src/share/vm/prims/jni.cpp:3995
Event: 0,132 Thread 0x00007fce3000d000 Threw 0x00000007d6f464b0 at /build/openjdk-7-X9jDCD/openjdk-7-7u85-2.6.1/build/openjdk/hotspot/src/share/vm/prims/jni.cpp:721
Event: 0,133 Thread 0x00007fce3000d000 Threw 0x00000007d6f46630 at /build/openjdk-7-X9jDCD/openjdk-7-7u85-2.6.1/build/openjdk/hotspot/src/share/vm/prims/jvm.cpp:1322
Event: 0,133 Thread 0x00007fce3000d000 Threw 0x00000007d6f46758 at /build/openjdk-7-X9jDCD/openjdk-7-7u85-2.6.1/build/openjdk/hotspot/src/share/vm/prims/jvm.cpp:1322
Event: 0,134 Thread 0x00007fce3000d000 Threw 0x00000007d6f4ae58 at /build/openjdk-7-X9jDCD/openjdk-7-7u85-2.6.1/build/openjdk/hotspot/src/share/vm/prims/jvm.cpp:1322
Event: 4,246 Thread 0x00007fce3000d000 Threw 0x00000007d6f5cfd8 at /build/openjdk-7-X9jDCD/openjdk-7-7u85-2.6.1/build/openjdk/hotspot/src/share/vm/prims/jvm.cpp:1322
Event: 4,466 Thread 0x00007fce3000d000 Threw 0x00000007d6f5f488 at /build/openjdk-7-X9jDCD/openjdk-7-7u85-2.6.1/build/openjdk/hotspot/src/share/vm/prims/jvm.cpp:1322

Events (10 events):
Event: 38,470 Executing VM operation: ChangeSingleStep
Event: 38,470 Executing VM operation: ChangeSingleStep done
Event: 38,483 Executing VM operation: GetOrSetLocal
Event: 38,483 Executing VM operation: GetOrSetLocal done
Event: 38,487 Executing VM operation: GetOrSetLocal
Event: 38,487 Executing VM operation: GetOrSetLocal done
Event: 38,554 Executing VM operation: GetOrSetLocal
Event: 38,554 Executing VM operation: GetOrSetLocal done
Event: 38,554 Executing VM operation: GetOrSetLocal
Event: 38,554 Executing VM operation: GetOrSetLocal done


Dynamic libraries:
00400000-00401000 r-xp 00000000 08:08 10618008                           /usr/lib/jvm/java-7-openjdk-amd64/jre/bin/java
00600000-00601000 r--p 00000000 08:08 10618008                           /usr/lib/jvm/java-7-openjdk-amd64/jre/bin/java
00601000-00602000 rw-p 00001000 08:08 10618008                           /usr/lib/jvm/java-7-openjdk-amd64/jre/bin/java
0126b000-0128c000 rw-p 00000000 00:00 0                                  [heap]
77a800000-77bd00000 rw-p 00000000 00:00 0 
77bd00000-784e00000 rw-p 00000000 00:00 0 
784e00000-78a000000 rw-p 00000000 00:00 0 
78a000000-7d6f00000 rw-p 00000000 00:00 0 
7d6f00000-7d9800000 rw-p 00000000 00:00 0 
7d9800000-800000000 rw-p 00000000 00:00 0 
7fcde8000000-7fcde8021000 rw-p 00000000 00:00 0 
7fcde8021000-7fcdec000000 ---p 00000000 00:00 0 
7fcdec000000-7fcdec021000 rw-p 00000000 00:00 0 
7fcdec021000-7fcdf0000000 ---p 00000000 00:00 0 
7fcdf0000000-7fcdf0021000 rw-p 00000000 00:00 0 
7fcdf0021000-7fcdf4000000 ---p 00000000 00:00 0 
7fcdf4000000-7fcdf4021000 rw-p 00000000 00:00 0 
7fcdf4021000-7fcdf8000000 ---p 00000000 00:00 0 
7fcdf8000000-7fcdf8021000 rw-p 00000000 00:00 0 
7fcdf8021000-7fcdfc000000 ---p 00000000 00:00 0 
7fcdfc000000-7fcdfc021000 rw-p 00000000 00:00 0 
7fcdfc021000-7fce00000000 ---p 00000000 00:00 0 
7fce00000000-7fce00021000 rw-p 00000000 00:00 0 
7fce00021000-7fce04000000 ---p 00000000 00:00 0 
7fce04000000-7fce04021000 rw-p 00000000 00:00 0 
7fce04021000-7fce08000000 ---p 00000000 00:00 0 
7fce08000000-7fce08021000 rw-p 00000000 00:00 0 
7fce08021000-7fce0c000000 ---p 00000000 00:00 0 
7fce0c000000-7fce0c021000 rw-p 00000000 00:00 0 
7fce0c021000-7fce10000000 ---p 00000000 00:00 0 
7fce10000000-7fce10021000 rw-p 00000000 00:00 0 
7fce10021000-7fce14000000 ---p 00000000 00:00 0 
7fce15dd4000-7fce1600d000 rw-p 00000000 00:00 0 
7fce1600d000-7fce1600e000 ---p 00000000 00:00 0 
7fce1600e000-7fce1610e000 rw-p 00000000 00:00 0                          [stack:3560]
7fce1610e000-7fce16111000 ---p 00000000 00:00 0 
7fce16111000-7fce1620f000 rw-p 00000000 00:00 0                          [stack:3559]
7fce1620f000-7fce16212000 ---p 00000000 00:00 0 
7fce16212000-7fce16310000 rw-p 00000000 00:00 0                          [stack:3558]
7fce16310000-7fce16313000 ---p 00000000 00:00 0 
7fce16313000-7fce16411000 rw-p 00000000 00:00 0                          [stack:3557]
7fce16411000-7fce16414000 ---p 00000000 00:00 0 
7fce16414000-7fce16512000 rw-p 00000000 00:00 0                          [stack:3554]
7fce16512000-7fce16515000 ---p 00000000 00:00 0 
7fce16515000-7fce16613000 rw-p 00000000 00:00 0                          [stack:3551]
7fce16613000-7fce16616000 ---p 00000000 00:00 0 
7fce16616000-7fce16714000 rw-p 00000000 00:00 0                          [stack:3550]
7fce16714000-7fce16718000 r-xp 00000000 08:08 10224284                   /usr/lib/jvm/java-7-openjdk-amd64/jre/lib/amd64/libdt_socket.so
7fce16718000-7fce16917000 ---p 00004000 08:08 10224284                   /usr/lib/jvm/java-7-openjdk-amd64/jre/lib/amd64/libdt_socket.so
7fce16917000-7fce16918000 r--p 00003000 08:08 10224284                   /usr/lib/jvm/java-7-openjdk-amd64/jre/lib/amd64/libdt_socket.so
7fce16918000-7fce16919000 rw-p 00004000 08:08 10224284                   /usr/lib/jvm/java-7-openjdk-amd64/jre/lib/amd64/libdt_socket.so
7fce16919000-7fce1691c000 ---p 00000000 00:00 0 
7fce1691c000-7fce16a1a000 rw-p 00000000 00:00 0                          [stack:3548]
7fce16a1a000-7fce16a1d000 ---p 00000000 00:00 0 
7fce16a1d000-7fce16b1b000 rw-p 00000000 00:00 0                          [stack:3546]
7fce16b1b000-7fce16b1e000 ---p 00000000 00:00 0 
7fce16b1e000-7fce16c1c000 rw-p 00000000 00:00 0                          [stack:3545]
7fce16c1c000-7fce16c1d000 ---p 00000000 00:00 0 
7fce16c1d000-7fce17b8e000 rw-p 00000000 00:00 0                          [stack:3544]
7fce17b8e000-7fce17d40000 r--s 01d30000 08:08 10224271                   /usr/lib/jvm/java-7-openjdk-amd64/jre/lib/rt.jar
7fce17d40000-7fce1c000000 rw-p 00000000 00:00 0 
7fce1c000000-7fce1c021000 rw-p 00000000 00:00 0 
7fce1c021000-7fce20000000 ---p 00000000 00:00 0 
7fce20000000-7fce20021000 rw-p 00000000 00:00 0 
7fce20021000-7fce24000000 ---p 00000000 00:00 0 
7fce24000000-7fce24021000 rw-p 00000000 00:00 0 
7fce24021000-7fce28000000 ---p 00000000 00:00 0 
7fce28000000-7fce28021000 rw-p 00000000 00:00 0 
7fce28021000-7fce2c000000 ---p 00000000 00:00 0 
7fce2c011000-7fce2c63f000 rw-p 00000000 00:00 0 
7fce2c63f000-7fce2c640000 ---p 00000000 00:00 0 
7fce2c640000-7fce2c740000 rw-p 00000000 00:00 0                          [stack:3543]
7fce2c740000-7fce2c741000 ---p 00000000 00:00 0 
7fce2c741000-7fce2c841000 rw-p 00000000 00:00 0                          [stack:3542]
7fce2c841000-7fce2c842000 ---p 00000000 00:00 0 
7fce2c842000-7fce2c96b000 rw-p 00000000 00:00 0                          [stack:3541]
7fce2c96b000-7fce2cbd3000 rw-p 00000000 00:00 0 
7fce2cbd3000-7fce2cbde000 rw-p 00000000 00:00 0 
7fce2cbde000-7fce2cc26000 rw-p 00000000 00:00 0 
7fce2cc26000-7fce2cc4f000 rw-p 00000000 00:00 0 
7fce2cc4f000-7fce2ceb6000 rw-p 00000000 00:00 0 
7fce2ceb6000-7fce2cecb000 rw-p 00000000 00:00 0 
7fce2cecb000-7fce2cfff000 rw-p 00000000 00:00 0 
7fce2cfff000-7fce2d000000 rw-p 00000000 00:00 0 
7fce2d000000-7fce2d270000 rwxp 00000000 00:00 0 
7fce2d270000-7fce30135000 rw-p 00000000 00:00 0 
7fce30135000-7fce34000000 ---p 00000000 00:00 0 
7fce34017000-7fce340c4000 rw-p 00000000 00:00 0 
7fce340c4000-7fce340c5000 ---p 00000000 00:00 0 
7fce340c5000-7fce341d0000 rw-p 00000000 00:00 0                          [stack:3539]
7fce341d0000-7fce34218000 rw-p 00000000 00:00 0 
7fce34218000-7fce34220000 r-xp 00000000 08:08 10224281                   /usr/lib/jvm/java-7-openjdk-amd64/jre/lib/amd64/libzip.so
7fce34220000-7fce3441f000 ---p 00008000 08:08 10224281                   /usr/lib/jvm/java-7-openjdk-amd64/jre/lib/amd64/libzip.so
7fce3441f000-7fce34420000 r--p 00007000 08:08 10224281                   /usr/lib/jvm/java-7-openjdk-amd64/jre/lib/amd64/libzip.so
7fce34420000-7fce34421000 rw-p 00008000 08:08 10224281                   /usr/lib/jvm/java-7-openjdk-amd64/jre/lib/amd64/libzip.so
7fce34421000-7fce3442d000 r-xp 00000000 08:08 15860056                   /lib/x86_64-linux-gnu/libnss_files-2.21.so
7fce3442d000-7fce3462c000 ---p 0000c000 08:08 15860056                   /lib/x86_64-linux-gnu/libnss_files-2.21.so
7fce3462c000-7fce3462d000 r--p 0000b000 08:08 15860056                   /lib/x86_64-linux-gnu/libnss_files-2.21.so
7fce3462d000-7fce3462e000 rw-p 0000c000 08:08 15860056                   /lib/x86_64-linux-gnu/libnss_files-2.21.so
7fce3462e000-7fce34639000 r-xp 00000000 08:08 15859969                   /lib/x86_64-linux-gnu/libnss_nis-2.21.so
7fce34639000-7fce34838000 ---p 0000b000 08:08 15859969                   /lib/x86_64-linux-gnu/libnss_nis-2.21.so
7fce34838000-7fce34839000 r--p 0000a000 08:08 15859969                   /lib/x86_64-linux-gnu/libnss_nis-2.21.so
7fce34839000-7fce3483a000 rw-p 0000b000 08:08 15859969                   /lib/x86_64-linux-gnu/libnss_nis-2.21.so
7fce3483a000-7fce34851000 r-xp 00000000 08:08 15860062                   /lib/x86_64-linux-gnu/libnsl-2.21.so
7fce34851000-7fce34a50000 ---p 00017000 08:08 15860062                   /lib/x86_64-linux-gnu/libnsl-2.21.so
7fce34a50000-7fce34a51000 r--p 00016000 08:08 15860062                   /lib/x86_64-linux-gnu/libnsl-2.21.so
7fce34a51000-7fce34a52000 rw-p 00017000 08:08 15860062                   /lib/x86_64-linux-gnu/libnsl-2.21.so
7fce34a52000-7fce34a54000 rw-p 00000000 00:00 0 
7fce34a54000-7fce34a5c000 r-xp 00000000 08:08 15860058                   /lib/x86_64-linux-gnu/libnss_compat-2.21.so
7fce34a5c000-7fce34c5b000 ---p 00008000 08:08 15860058                   /lib/x86_64-linux-gnu/libnss_compat-2.21.so
7fce34c5b000-7fce34c5c000 r--p 00007000 08:08 15860058                   /lib/x86_64-linux-gnu/libnss_compat-2.21.so
7fce34c5c000-7fce34c5d000 rw-p 00008000 08:08 15860058                   /lib/x86_64-linux-gnu/libnss_compat-2.21.so
7fce34c5d000-7fce35095000 r--p 00000000 08:08 8652527                    /usr/lib/locale/locale-archive
7fce35095000-7fce35097000 r-xp 00000000 08:08 10224288                   /usr/lib/jvm/java-7-openjdk-amd64/jre/lib/amd64/libnpt.so
7fce35097000-7fce35297000 ---p 00002000 08:08 10224288                   /usr/lib/jvm/java-7-openjdk-amd64/jre/lib/amd64/libnpt.so
7fce35297000-7fce35298000 r--p 00002000 08:08 10224288                   /usr/lib/jvm/java-7-openjdk-amd64/jre/lib/amd64/libnpt.so
7fce35298000-7fce35299000 rw-p 00003000 08:08 10224288                   /usr/lib/jvm/java-7-openjdk-amd64/jre/lib/amd64/libnpt.so
7fce35299000-7fce352d4000 r-xp 00000000 08:08 10224293                   /usr/lib/jvm/java-7-openjdk-amd64/jre/lib/amd64/libjdwp.so
7fce352d4000-7fce354d3000 ---p 0003b000 08:08 10224293                   /usr/lib/jvm/java-7-openjdk-amd64/jre/lib/amd64/libjdwp.so
7fce354d3000-7fce354d4000 r--p 0003a000 08:08 10224293                   /usr/lib/jvm/java-7-openjdk-amd64/jre/lib/amd64/libjdwp.so
7fce354d4000-7fce354d5000 rw-p 0003b000 08:08 10224293                   /usr/lib/jvm/java-7-openjdk-amd64/jre/lib/amd64/libjdwp.so
7fce354d5000-7fce354d6000 rw-p 00000000 00:00 0 
7fce354d6000-7fce35503000 r-xp 00000000 08:08 10224289                   /usr/lib/jvm/java-7-openjdk-amd64/jre/lib/amd64/libjava.so
7fce35503000-7fce35702000 ---p 0002d000 08:08 10224289                   /usr/lib/jvm/java-7-openjdk-amd64/jre/lib/amd64/libjava.so
7fce35702000-7fce35703000 r--p 0002c000 08:08 10224289                   /usr/lib/jvm/java-7-openjdk-amd64/jre/lib/amd64/libjava.so
7fce35703000-7fce35705000 rw-p 0002d000 08:08 10224289                   /usr/lib/jvm/java-7-openjdk-amd64/jre/lib/amd64/libjava.so
7fce35705000-7fce35714000 r-xp 00000000 08:08 10224304                   /usr/lib/jvm/java-7-openjdk-amd64/jre/lib/amd64/libverify.so
7fce35714000-7fce35913000 ---p 0000f000 08:08 10224304                   /usr/lib/jvm/java-7-openjdk-amd64/jre/lib/amd64/libverify.so
7fce35913000-7fce35916000 r--p 0000e000 08:08 10224304                   /usr/lib/jvm/java-7-openjdk-amd64/jre/lib/amd64/libverify.so
7fce35916000-7fce35917000 rw-p 00011000 08:08 10224304                   /usr/lib/jvm/java-7-openjdk-amd64/jre/lib/amd64/libverify.so
7fce35917000-7fce3591e000 r-xp 00000000 08:08 15860063                   /lib/x86_64-linux-gnu/librt-2.21.so
7fce3591e000-7fce35b1d000 ---p 00007000 08:08 15860063                   /lib/x86_64-linux-gnu/librt-2.21.so
7fce35b1d000-7fce35b1e000 r--p 00006000 08:08 15860063                   /lib/x86_64-linux-gnu/librt-2.21.so
7fce35b1e000-7fce35b1f000 rw-p 00007000 08:08 15860063                   /lib/x86_64-linux-gnu/librt-2.21.so
7fce35b1f000-7fce35b35000 r-xp 00000000 08:08 15859913                   /lib/x86_64-linux-gnu/libgcc_s.so.1
7fce35b35000-7fce35d34000 ---p 00016000 08:08 15859913                   /lib/x86_64-linux-gnu/libgcc_s.so.1
7fce35d34000-7fce35d35000 rw-p 00015000 08:08 15859913                   /lib/x86_64-linux-gnu/libgcc_s.so.1
7fce35d35000-7fce35e3c000 r-xp 00000000 08:08 15860061                   /lib/x86_64-linux-gnu/libm-2.21.so
7fce35e3c000-7fce3603b000 ---p 00107000 08:08 15860061                   /lib/x86_64-linux-gnu/libm-2.21.so
7fce3603b000-7fce3603c000 r--p 00106000 08:08 15860061                   /lib/x86_64-linux-gnu/libm-2.21.so
7fce3603c000-7fce3603d000 rw-p 00107000 08:08 15860061                   /lib/x86_64-linux-gnu/libm-2.21.so
7fce3603d000-7fce3612d000 r-xp 00000000 08:08 8650822                    /usr/lib/x86_64-linux-gnu/libstdc++.so.6.0.20
7fce3612d000-7fce3632d000 ---p 000f0000 08:08 8650822                    /usr/lib/x86_64-linux-gnu/libstdc++.so.6.0.20
7fce3632d000-7fce36335000 r--p 000f0000 08:08 8650822                    /usr/lib/x86_64-linux-gnu/libstdc++.so.6.0.20
7fce36335000-7fce36337000 rw-p 000f8000 08:08 8650822                    /usr/lib/x86_64-linux-gnu/libstdc++.so.6.0.20
7fce36337000-7fce3634c000 rw-p 00000000 00:00 0 
7fce3634c000-7fce36eac000 r-xp 00000000 08:08 10224296                   /usr/lib/jvm/java-7-openjdk-amd64/jre/lib/amd64/server/libjvm.so
7fce36eac000-7fce370ac000 ---p 00b60000 08:08 10224296                   /usr/lib/jvm/java-7-openjdk-amd64/jre/lib/amd64/server/libjvm.so
7fce370ac000-7fce3714b000 r--p 00b60000 08:08 10224296                   /usr/lib/jvm/java-7-openjdk-amd64/jre/lib/amd64/server/libjvm.so
7fce3714b000-7fce3716e000 rw-p 00bff000 08:08 10224296                   /usr/lib/jvm/java-7-openjdk-amd64/jre/lib/amd64/server/libjvm.so
7fce3716e000-7fce3719b000 rw-p 00000000 00:00 0 
7fce3719b000-7fce371b4000 r-xp 00000000 08:08 15859877                   /lib/x86_64-linux-gnu/libz.so.1.2.8
7fce371b4000-7fce373b4000 ---p 00019000 08:08 15859877                   /lib/x86_64-linux-gnu/libz.so.1.2.8
7fce373b4000-7fce373b5000 r--p 00019000 08:08 15859877                   /lib/x86_64-linux-gnu/libz.so.1.2.8
7fce373b5000-7fce373b6000 rw-p 0001a000 08:08 15859877                   /lib/x86_64-linux-gnu/libz.so.1.2.8
7fce373b6000-7fce373ce000 r-xp 00000000 08:08 15860053                   /lib/x86_64-linux-gnu/libpthread-2.21.so
7fce373ce000-7fce375ce000 ---p 00018000 08:08 15860053                   /lib/x86_64-linux-gnu/libpthread-2.21.so
7fce375ce000-7fce375cf000 r--p 00018000 08:08 15860053                   /lib/x86_64-linux-gnu/libpthread-2.21.so
7fce375cf000-7fce375d0000 rw-p 00019000 08:08 15860053                   /lib/x86_64-linux-gnu/libpthread-2.21.so
7fce375d0000-7fce375d4000 rw-p 00000000 00:00 0 
7fce375d4000-7fce375d7000 r-xp 00000000 08:08 15860011                   /lib/x86_64-linux-gnu/libdl-2.21.so
7fce375d7000-7fce377d6000 ---p 00003000 08:08 15860011                   /lib/x86_64-linux-gnu/libdl-2.21.so
7fce377d6000-7fce377d7000 r--p 00002000 08:08 15860011                   /lib/x86_64-linux-gnu/libdl-2.21.so
7fce377d7000-7fce377d8000 rw-p 00003000 08:08 15860011                   /lib/x86_64-linux-gnu/libdl-2.21.so
7fce377d8000-7fce37998000 r-xp 00000000 08:08 15860066                   /lib/x86_64-linux-gnu/libc-2.21.so
7fce37998000-7fce37b98000 ---p 001c0000 08:08 15860066                   /lib/x86_64-linux-gnu/libc-2.21.so
7fce37b98000-7fce37b9c000 r--p 001c0000 08:08 15860066                   /lib/x86_64-linux-gnu/libc-2.21.so
7fce37b9c000-7fce37b9e000 rw-p 001c4000 08:08 15860066                   /lib/x86_64-linux-gnu/libc-2.21.so
7fce37b9e000-7fce37ba2000 rw-p 00000000 00:00 0 
7fce37ba2000-7fce37baf000 r-xp 00000000 08:08 10224305                   /usr/lib/jvm/java-7-openjdk-amd64/jre/lib/amd64/jli/libjli.so
7fce37baf000-7fce37dae000 ---p 0000d000 08:08 10224305                   /usr/lib/jvm/java-7-openjdk-amd64/jre/lib/amd64/jli/libjli.so
7fce37dae000-7fce37daf000 r--p 0000c000 08:08 10224305                   /usr/lib/jvm/java-7-openjdk-amd64/jre/lib/amd64/jli/libjli.so
7fce37daf000-7fce37db0000 rw-p 0000d000 08:08 10224305                   /usr/lib/jvm/java-7-openjdk-amd64/jre/lib/amd64/jli/libjli.so
7fce37db0000-7fce37dd4000 r-xp 00000000 08:08 15860052                   /lib/x86_64-linux-gnu/ld-2.21.so
7fce37deb000-7fce37df7000 rw-p 00000000 00:00 0 
7fce37df7000-7fce37ead000 rw-p 00000000 00:00 0 
7fce37ead000-7fce37eb0000 ---p 00000000 00:00 0 
7fce37eb0000-7fce37fb3000 rw-p 00000000 00:00 0                          [stack:3536]
7fce37fb3000-7fce37fb4000 r--s 00002000 08:08 10224268                   /usr/lib/jvm/java-7-openjdk-amd64/jre/lib/ext/dnsns.jar
7fce37fb4000-7fce37fb7000 r--s 0000f000 08:08 10224265                   /usr/lib/jvm/java-7-openjdk-amd64/jre/lib/ext/icedtea-sound.jar
7fce37fb7000-7fce37fbb000 r--s 00085000 08:08 10224264                   /usr/lib/jvm/java-7-openjdk-amd64/jre/lib/ext/localedata.jar
7fce37fbb000-7fce37fbd000 r--s 00006000 08:08 9044012                    /usr/share/java/java-atk-wrapper.jar
7fce37fbd000-7fce37fc1000 r--s 0003c000 08:08 10224267                   /usr/lib/jvm/java-7-openjdk-amd64/jre/lib/ext/sunpkcs11.jar
7fce37fc1000-7fce37fc5000 r--s 00034000 08:08 10224266                   /usr/lib/jvm/java-7-openjdk-amd64/jre/lib/ext/sunjce_provider.jar
7fce37fc5000-7fce37fc7000 r--s 00012000 08:08 10224263                   /usr/lib/jvm/java-7-openjdk-amd64/jre/lib/ext/zipfs.jar
7fce37fc7000-7fce37fcf000 rw-s 00000000 08:08 12189725                   /tmp/hsperfdata_illya/3533
7fce37fcf000-7fce37fd0000 rw-p 00000000 00:00 0 
7fce37fd0000-7fce37fd1000 r--p 00000000 00:00 0 
7fce37fd1000-7fce37fd3000 rw-p 00000000 00:00 0 
7fce37fd3000-7fce37fd4000 r--p 00023000 08:08 15860052                   /lib/x86_64-linux-gnu/ld-2.21.so
7fce37fd4000-7fce37fd5000 rw-p 00024000 08:08 15860052                   /lib/x86_64-linux-gnu/ld-2.21.so
7fce37fd5000-7fce37fd6000 rw-p 00000000 00:00 0 
7ffd882af000-7ffd882d0000 rw-p 00000000 00:00 0                          [stack]
7ffd88375000-7ffd88377000 r--p 00000000 00:00 0                          [vvar]
7ffd88377000-7ffd88379000 r-xp 00000000 00:00 0                          [vdso]
ffffffffff600000-ffffffffff601000 r-xp 00000000 00:00 0                  [vsyscall]

VM Arguments:
jvm_args: -agentlib:jdwp=transport=dt_socket,suspend=y,address=localhost:38246 -Dfile.encoding=UTF-8 
java_command: org.mariadb.dyncol.DynCol
Launcher Type: SUN_STANDARD

Environment Variables:
PATH=/usr/local/sbin:/usr/local/bin:/usr/sbin:/usr/bin:/sbin:/bin:/usr/games:/usr/local/games
SHELL=/bin/bash
DISPLAY=:0

Signal Handlers:
SIGSEGV: [libjvm.so+0x992480], sa_mask[0]=0x7ffbfeff, sa_flags=0x10000004
SIGBUS: [libjvm.so+0x992480], sa_mask[0]=0x7ffbfeff, sa_flags=0x10000004
SIGFPE: [libjvm.so+0x7fed30], sa_mask[0]=0x7ffbfeff, sa_flags=0x10000004
SIGPIPE: [libjvm.so+0x7fed30], sa_mask[0]=0x7ffbfeff, sa_flags=0x10000004
SIGXFSZ: [libjvm.so+0x7fed30], sa_mask[0]=0x7ffbfeff, sa_flags=0x10000004
SIGILL: [libjvm.so+0x7fed30], sa_mask[0]=0x7ffbfeff, sa_flags=0x10000004
SIGUSR1: SIG_DFL, sa_mask[0]=0x00000000, sa_flags=0x00000000
SIGUSR2: [libjvm.so+0x7febb0], sa_mask[0]=0x00000004, sa_flags=0x10000004
SIGHUP: [libjvm.so+0x7fedb0], sa_mask[0]=0x7ffbfeff, sa_flags=0x10000004
SIGINT: [libjvm.so+0x7fedb0], sa_mask[0]=0x7ffbfeff, sa_flags=0x10000004
SIGTERM: [libjvm.so+0x7fedb0], sa_mask[0]=0x7ffbfeff, sa_flags=0x10000004
SIGQUIT: [libjvm.so+0x7fedb0], sa_mask[0]=0x7ffbfeff, sa_flags=0x10000004
SIGTRAP: SIG_DFL, sa_mask[0]=0x00000000, sa_flags=0x00000000


---------------  S Y S T E M  ---------------

OS:Ubuntu 15.04 (vivid)
uname:Linux 3.19.0-26-generic #28-Ubuntu SMP Tue Aug 11 14:16:32 UTC 2015 x86_64
libc:glibc 2.21 NPTL 2.21 
rlimit: STACK 8192k, CORE 0k, NPROC 31132, NOFILE 65536, AS infinity
load average:1,26 1,19 1,16

/proc/meminfo:
MemTotal:        8065352 kB
MemFree:         2268168 kB
MemAvailable:    3903200 kB
Buffers:          267376 kB
Cached:          2015804 kB
SwapCached:            0 kB
Active:          4180632 kB
Inactive:        1270312 kB
Active(anon):    3176400 kB
Inactive(anon):   553748 kB
Active(file):    1004232 kB
Inactive(file):   716564 kB
Unevictable:         100 kB
Mlocked:             100 kB
SwapTotal:       8278012 kB
SwapFree:        8278012 kB
Dirty:               104 kB
Writeback:             0 kB
AnonPages:       3168060 kB
Mapped:           557140 kB
Shmem:            562388 kB
Slab:             207316 kB
SReclaimable:     166344 kB
SUnreclaim:        40972 kB
KernelStack:       12192 kB
PageTables:        52392 kB
NFS_Unstable:          0 kB
Bounce:                0 kB
WritebackTmp:          0 kB
CommitLimit:    12310688 kB
Committed_AS:   10243104 kB
VmallocTotal:   34359738367 kB
VmallocUsed:      558140 kB
VmallocChunk:   34359118940 kB
HardwareCorrupted:     0 kB
AnonHugePages:   1613824 kB
CmaTotal:              0 kB
CmaFree:               0 kB
HugePages_Total:       0
HugePages_Free:        0
HugePages_Rsvd:        0
HugePages_Surp:        0
Hugepagesize:       2048 kB
DirectMap4k:      189184 kB
DirectMap2M:     7041024 kB
DirectMap1G:     2097152 kB


CPU:total 4 (2 cores per cpu, 2 threads per core) family 6 model 69 stepping 1, cmov, cx8, fxsr, mmx, sse, sse2, sse3, ssse3, sse4.1, sse4.2, popcnt, avx, avx2, aes, erms, ht, tsc, tscinvbit

/proc/cpuinfo:
processor	: 0
vendor_id	: GenuineIntel
cpu family	: 6
model		: 69
model name	: Intel(R) Core(TM) i7-4500U CPU @ 1.80GHz
stepping	: 1
microcode	: 0x1c
cpu MHz		: 2639.250
cache size	: 4096 KB
physical id	: 0
siblings	: 4
core id		: 0
cpu cores	: 2
apicid		: 0
initial apicid	: 0
fpu		: yes
fpu_exception	: yes
cpuid level	: 13
wp		: yes
flags		: fpu vme de pse tsc msr pae mce cx8 apic sep mtrr pge mca cmov pat pse36 clflush dts acpi mmx fxsr sse sse2 ss ht tm pbe syscall nx pdpe1gb rdtscp lm constant_tsc arch_perfmon pebs bts rep_good nopl xtopology nonstop_tsc aperfmperf eagerfpu pni pclmulqdq dtes64 monitor ds_cpl vmx est tm2 ssse3 fma cx16 xtpr pdcm pcid sse4_1 sse4_2 movbe popcnt tsc_deadline_timer aes xsave avx f16c rdrand lahf_lm abm ida arat epb pln pts dtherm tpr_shadow vnmi flexpriority ept vpid fsgsbase tsc_adjust bmi1 avx2 smep bmi2 erms invpcid xsaveopt
bugs		:
bogomips	: 4788.75
clflush size	: 64
cache_alignment	: 64
address sizes	: 39 bits physical, 48 bits virtual
power management:

processor	: 1
vendor_id	: GenuineIntel
cpu family	: 6
model		: 69
model name	: Intel(R) Core(TM) i7-4500U CPU @ 1.80GHz
stepping	: 1
microcode	: 0x1c
cpu MHz		: 2639.156
cache size	: 4096 KB
physical id	: 0
siblings	: 4
core id		: 0
cpu cores	: 2
apicid		: 1
initial apicid	: 1
fpu		: yes
fpu_exception	: yes
cpuid level	: 13
wp		: yes
flags		: fpu vme de pse tsc msr pae mce cx8 apic sep mtrr pge mca cmov pat pse36 clflush dts acpi mmx fxsr sse sse2 ss ht tm pbe syscall nx pdpe1gb rdtscp lm constant_tsc arch_perfmon pebs bts rep_good nopl xtopology nonstop_tsc aperfmperf eagerfpu pni pclmulqdq dtes64 monitor ds_cpl vmx est tm2 ssse3 fma cx16 xtpr pdcm pcid sse4_1 sse4_2 movbe popcnt tsc_deadline_timer aes xsave avx f16c rdrand lahf_lm abm ida arat epb pln pts dtherm tpr_shadow vnmi flexpriority ept vpid fsgsbase tsc_adjust bmi1 avx2 smep bmi2 erms invpcid xsaveopt
bugs		:
bogomips	: 4788.75
clflush size	: 64
cache_alignment	: 64
address sizes	: 39 bits physical, 48 bits virtual
power management:

processor	: 2
vendor_id	: GenuineIntel
cpu family	: 6
model		: 69
model name	: Intel(R) Core(TM) i7-4500U CPU @ 1.80GHz
stepping	: 1
microcode	: 0x1c
cpu MHz		: 2640.656
cache size	: 4096 KB
physical id	: 0
siblings	: 4
core id		: 1
cpu cores	: 2
apicid		: 2
initial apicid	: 2
fpu		: yes
fpu_exception	: yes
cpuid level	: 13
wp		: yes
flags		: fpu vme de pse tsc msr pae mce cx8 apic sep mtrr pge mca cmov pat pse36 clflush dts acpi mmx fxsr sse sse2 ss ht tm pbe syscall nx pdpe1gb rdtscp lm constant_tsc arch_perfmon pebs bts rep_good nopl xtopology nonstop_tsc aperfmperf eagerfpu pni pclmulqdq dtes64 monitor ds_cpl vmx est tm2 ssse3 fma cx16 xtpr pdcm pcid sse4_1 sse4_2 movbe popcnt tsc_deadline_timer aes xsave avx f16c rdrand lahf_lm abm ida arat epb pln pts dtherm tpr_shadow vnmi flexpriority ept vpid fsgsbase tsc_adjust bmi1 avx2 smep bmi2 erms invpcid xsaveopt
bugs		:
bogomips	: 4788.75
clflush size	: 64
cache_alignment	: 64
address sizes	: 39 bits physical, 48 bits virtual
power management:

processor	: 3
vendor_id	: GenuineIntel
cpu family	: 6
model		: 69
model name	: Intel(R) Core(TM) i7-4500U CPU @ 1.80GHz
stepping	: 1
microcode	: 0x1c
cpu MHz		: 2639.250
cache size	: 4096 KB
physical id	: 0
siblings	: 4
core id		: 1
cpu cores	: 2
apicid		: 3
initial apicid	: 3
fpu		: yes
fpu_exception	: yes
cpuid level	: 13
wp		: yes
flags		: fpu vme de pse tsc msr pae mce cx8 apic sep mtrr pge mca cmov pat pse36 clflush dts acpi mmx fxsr sse sse2 ss ht tm pbe syscall nx pdpe1gb rdtscp lm constant_tsc arch_perfmon pebs bts rep_good nopl xtopology nonstop_tsc aperfmperf eagerfpu pni pclmulqdq dtes64 monitor ds_cpl vmx est tm2 ssse3 fma cx16 xtpr pdcm pcid sse4_1 sse4_2 movbe popcnt tsc_deadline_timer aes xsave avx f16c rdrand lahf_lm abm ida arat epb pln pts dtherm tpr_shadow vnmi flexpriority ept vpid fsgsbase tsc_adjust bmi1 avx2 smep bmi2 erms invpcid xsaveopt
bugs		:
bogomips	: 4788.75
clflush size	: 64
cache_alignment	: 64
address sizes	: 39 bits physical, 48 bits virtual
power management:



Memory: 4k page, physical 8065352k(2268168k free), swap 8278012k(8278012k free)

vm_info: OpenJDK 64-Bit Server VM (24.85-b03) for linux-amd64 JRE (1.7.0_85-b01), built on Oct 22 2015 10:09:03 by "buildd" with gcc 4.9.2

time: Wed Nov 18 23:27:32 2015
elapsed time: 38 seconds

