#
# A fatal error has been detected by the Java Runtime Environment:
#
#  SIGSEGV (0xb) at pc=0x00007f17fbc9fb07, pid=14167, tid=139740717225728
#
# JRE version: OpenJDK Runtime Environment (7.0_85-b01) (build 1.7.0_85-b01)
# Java VM: OpenJDK 64-Bit Server VM (24.85-b03 mixed mode linux-amd64 compressed oops)
# Derivative: IcedTea 2.6.1
# Distribution: Ubuntu 15.04, package 7u85-2.6.1-5ubuntu0.15.04.1
# Problematic frame:
# V  [libjvm.so+0x603b07]  java_lang_String::length(oopDesc*) [clone .part.50]+0x37
#
# Failed to write core dump. Core dumps have been disabled. To enable core dumping, try "ulimit -c unlimited" before starting Java again
#
# If you would like to submit a bug report, please include
# instructions on how to reproduce the bug and visit:
#   http://icedtea.classpath.org/bugzilla
#

---------------  T H R E A D  ---------------

Current thread (0x00007f17f40b6800):  JavaThread "JDWP Transport Listener: dt_socket" daemon [_thread_in_vm, id=14184, stack(0x00007f17ebbf9000,0x00007f17ebcfa000)]

siginfo:si_signo=SIGSEGV: si_errno=0, si_code=1 (SEGV_MAPERR), si_addr=0x000000000000000c

Registers:
RAX=0x0000000000000000, RBX=0x0000000000000000, RCX=0x00007f17fc91f340, RDX=0x000000000000000c
RSP=0x00007f17ebcf8a60, RBP=0x00007f17ebcf8a60, RSI=0x00007f17b8000c40, RDI=0x00000007d6f548f0
R8 =0x00007f17ebcf8ab0, R9 =0x0000000000000000, R10=0x0000000000000000, R11=0x0000000000000206
R12=0x0000000000000001, R13=0x0000000000000000, R14=0x00000007d6f548f0, R15=0x0000000000000000
RIP=0x00007f17fbc9fb07, EFLAGS=0x0000000000010246, CSGSFS=0x0000000000000033, ERR=0x0000000000000004
  TRAPNO=0x000000000000000e

Top of Stack: (sp=0x00007f17ebcf8a60)
0x00007f17ebcf8a60:   00007f17ebcf8a90 00007f17fbca0625
0x00007f17ebcf8a70:   00007f17f40b6800 00007f17f40b6800
0x00007f17ebcf8a80:   00007f17b8000c40 00007f17b8000c40
0x00007f17ebcf8a90:   00007f17ebcf8b10 00007f17fbcb25ce
0x00007f17ebcf8aa0:   00007f17f40b6800 00007f17f40b6800
0x00007f17ebcf8ab0:   00007f17f40b6800 0000000000000000
0x00007f17ebcf8ac0:   00007f17ebcf8af0 00007f17f40b69d8
0x00007f17ebcf8ad0:   00007f17fa825040 d2908b91b6068b00
0x00007f17ebcf8ae0:   00007f17ebcf8b10 00007f17f40b69d8
0x00007f17ebcf8af0:   00007f17fa825040 00007f17b8000c40
0x00007f17ebcf8b00:   00007f17ebcf8bc0 00007f17fa825040
0x00007f17ebcf8b10:   00007f17ebcf8b50 00007f17fa5f2402
0x00007f17ebcf8b20:   00007f17ebcf8bc0 000000000000000a
0x00007f17ebcf8b30:   00007f17ebcf8b90 0000000000000001
0x00007f17ebcf8b40:   00007f17ebcf8bc0 00007f17fa825040
0x00007f17ebcf8b50:   00007f17ebcf8d80 00007f17fa5fab08
0x00007f17ebcf8b60:   00007f17f40b78a0 00007f1700010a00
0x00007f17ebcf8b70:   0002ed1c00000013 00007f17eb010a00
0x00007f17ebcf8b80:   00007f17b0000f80 00007f17fbe67c76
0x00007f17ebcf8b90:   00007f17b0000f88 000000000000000b
0x00007f17ebcf8ba0:   0002ed1c00000013 00007f17eb010a00
0x00007f17ebcf8bb0:   00007f17b0000f80 00007f17b80052a0
0x00007f17ebcf8bc0:   00007f17ebcf8c10 00007f170000012c
0x00007f17ebcf8bd0:   00007f17ebcf8bd8 00007f1700000000
0x00007f17ebcf8be0:   00007f17ebcf8c10 0000000000000000
0x00007f17ebcf8bf0:   00007f0000000000 0002ed1c0000000f
0x00007f17ebcf8c00:   00007f170000ac80 00007f17ebcf8c10
0x00007f17ebcf8c10:   0000005b0a000000 0000002500000000
0x00007f17ebcf8c20:   7369687404000000 76616a4c12000000
0x00007f17ebcf8c30:   532f676e616c2f61 00003b676e697274
0x00007f17ebcf8c40:   0000430000000000 0000000000000000
0x00007f17ebcf8c50:   6176050000000000 5b0200000065756c 

Instructions: (pc=0x00007f17fbc9fb07)
0x00007f17fbc9fae7:   8b 14 07 31 c0 85 d2 74 12 89 d0 48 8d 15 57 bc
0x00007f17fbc9faf7:   80 00 8b 4a 08 48 d3 e0 48 03 02 ba 0c 00 00 00
0x00007f17fbc9fb07:   8b 04 10 5d c3 0f 1f 40 00 48 8b 04 07 ba 10 00
0x00007f17fbc9fb17:   00 00 5d 8b 04 10 c3 66 90 55 48 89 e5 53 48 89 

Register to memory mapping:

RAX=0x0000000000000000 is an unknown value
RBX=0x0000000000000000 is an unknown value
RCX=0x00007f17fc91f340: <offset 0x219340> in /lib/x86_64-linux-gnu/libpthread.so.0 at 0x00007f17fc706000
RDX=0x000000000000000c is an unknown value
RSP=0x00007f17ebcf8a60 is pointing into the stack for thread: 0x00007f17f40b6800
RBP=0x00007f17ebcf8a60 is pointing into the stack for thread: 0x00007f17f40b6800
RSI=0x00007f17b8000c40 is a global jni handle
RDI=0x00000007d6f548f0 is an oop
java.lang.String 
 - klass: 'java/lang/String'
R8 =0x00007f17ebcf8ab0 is pointing into the stack for thread: 0x00007f17f40b6800
R9 =0x0000000000000000 is an unknown value
R10=0x0000000000000000 is an unknown value
R11=0x0000000000000206 is an unknown value
R12=0x0000000000000001 is an unknown value
R13=0x0000000000000000 is an unknown value
R14=0x00000007d6f548f0 is an oop
java.lang.String 
 - klass: 'java/lang/String'
R15=0x0000000000000000 is an unknown value


Stack: [0x00007f17ebbf9000,0x00007f17ebcfa000],  sp=0x00007f17ebcf8a60,  free space=1022k
Native frames: (J=compiled Java code, j=interpreted, Vv=VM code, C=native code)
V  [libjvm.so+0x603b07]  java_lang_String::length(oopDesc*) [clone .part.50]+0x37
V  [libjvm.so+0x604625]  java_lang_String::utf8_length(oopDesc*)+0x95
V  [libjvm.so+0x6165ce]  jni_GetStringUTFChars+0x5e
C  [libjdwp.so+0x9402]
C  [libjdwp.so+0x11b08]
C  [libjdwp.so+0x23f65]
V  [libjvm.so+0x6d02b1]  JvmtiAgentThread::start_function_wrapper(JavaThread*, Thread*)+0xa1
V  [libjvm.so+0x93c728]  JavaThread::thread_main_inner()+0x118
V  [libjvm.so+0x93c9b1]  JavaThread::run()+0x231
V  [libjvm.so+0x800712]  java_start(Thread*)+0xf2


---------------  P R O C E S S  ---------------

Java Threads: ( => current thread )
  0x00007f17f40c2000 JavaThread "Service Thread" daemon [_thread_blocked, id=14193, stack(0x00007f17eb6f4000,0x00007f17eb7f5000)]
  0x00007f17f40bf800 JavaThread "C2 CompilerThread1" daemon [_thread_blocked, id=14192, stack(0x00007f17eb7f5000,0x00007f17eb8f6000)]
  0x00007f17f40bc800 JavaThread "C2 CompilerThread0" daemon [_thread_blocked, id=14191, stack(0x00007f17eb8f6000,0x00007f17eb9f7000)]
  0x00007f17b8001000 JavaThread "JDWP Command Reader" daemon [_thread_in_native, id=14188, stack(0x00007f17eb9f7000,0x00007f17ebaf8000)]
  0x00007f17f40ba000 JavaThread "JDWP Event Helper Thread" daemon [_thread_blocked, id=14185, stack(0x00007f17ebaf8000,0x00007f17ebbf9000)]
=>0x00007f17f40b6800 JavaThread "JDWP Transport Listener: dt_socket" daemon [_thread_in_vm, id=14184, stack(0x00007f17ebbf9000,0x00007f17ebcfa000)]
  0x00007f17f40a9800 JavaThread "Signal Dispatcher" daemon [_thread_blocked, id=14182, stack(0x00007f17ebeff000,0x00007f17ec000000)]
  0x00007f17f407f800 JavaThread "Finalizer" daemon [_thread_blocked, id=14180, stack(0x00007f17f004c000,0x00007f17f014d000)]
  0x00007f17f407d800 JavaThread "Reference Handler" daemon [_thread_blocked, id=14179, stack(0x00007f17f014d000,0x00007f17f024e000)]
  0x00007f17f400d000 JavaThread "main" [_thread_blocked, id=14173, stack(0x00007f17fd1fd000,0x00007f17fd2fe000)]

Other Threads:
  0x00007f17f4079000 VMThread [stack: 0x00007f17f024e000,0x00007f17f034f000] [id=14178]
  0x00007f17f40cc800 WatcherThread [stack: 0x00007f17eb5f3000,0x00007f17eb6f4000] [id=14194]

VM state:not at safepoint (normal execution)

VM Mutex/Monitor currently owned by a thread: None

Heap
 PSYoungGen      total 36864K, used 1904K [0x00000007d6f00000, 0x00000007d9800000, 0x0000000800000000)
  eden space 31744K, 6% used [0x00000007d6f00000,0x00000007d70dc390,0x00000007d8e00000)
  from space 5120K, 0% used [0x00000007d9300000,0x00000007d9300000,0x00000007d9800000)
  to   space 5120K, 0% used [0x00000007d8e00000,0x00000007d8e00000,0x00000007d9300000)
 ParOldGen       total 83968K, used 0K [0x0000000784e00000, 0x000000078a000000, 0x00000007d6f00000)
  object space 83968K, 0% used [0x0000000784e00000,0x0000000784e00000,0x000000078a000000)
 PSPermGen       total 21504K, used 2784K [0x000000077a800000, 0x000000077bd00000, 0x0000000784e00000)
  object space 21504K, 12% used [0x000000077a800000,0x000000077aab82f0,0x000000077bd00000)

Card table byte_map: [0x00007f17f913b000,0x00007f17f9568000] byte_map_base: 0x00007f17f5567000

Polling page: 0x00007f17fd320000

Code Cache  [0x00007f17f1000000, 0x00007f17f1270000, 0x00007f17f4000000)
 total_blobs=159 nmethods=0 adapters=136 free_code_cache=48775Kb largest_free_block=49946176

Compilation events (0 events):
No events

GC Heap History (0 events):
No events

Deoptimization events (0 events):
No events

Internal exceptions (6 events):
Event: 0,033 Thread 0x00007f17f400d000 Threw 0x00000007d6f0f128 at /build/openjdk-7-X9jDCD/openjdk-7-7u85-2.6.1/build/openjdk/hotspot/src/share/vm/prims/jni.cpp:3995
Event: 0,119 Thread 0x00007f17f400d000 Threw 0x00000007d6f464b0 at /build/openjdk-7-X9jDCD/openjdk-7-7u85-2.6.1/build/openjdk/hotspot/src/share/vm/prims/jni.cpp:721
Event: 0,119 Thread 0x00007f17f400d000 Threw 0x00000007d6f46630 at /build/openjdk-7-X9jDCD/openjdk-7-7u85-2.6.1/build/openjdk/hotspot/src/share/vm/prims/jvm.cpp:1322
Event: 0,119 Thread 0x00007f17f400d000 Threw 0x00000007d6f46758 at /build/openjdk-7-X9jDCD/openjdk-7-7u85-2.6.1/build/openjdk/hotspot/src/share/vm/prims/jvm.cpp:1322
Event: 0,120 Thread 0x00007f17f400d000 Threw 0x00000007d6f4ae58 at /build/openjdk-7-X9jDCD/openjdk-7-7u85-2.6.1/build/openjdk/hotspot/src/share/vm/prims/jvm.cpp:1322
Event: 39,743 Thread 0x00007f17f400d000 Threw 0x00000007d6f52f18 at /build/openjdk-7-X9jDCD/openjdk-7-7u85-2.6.1/build/openjdk/hotspot/src/share/vm/prims/jvm.cpp:1322

Events (10 events):
Event: 89,772 Executing VM operation: ChangeSingleStep
Event: 89,772 Executing VM operation: ChangeSingleStep done
Event: 89,777 Executing VM operation: GetOrSetLocal
Event: 89,778 Executing VM operation: GetOrSetLocal done
Event: 89,784 Executing VM operation: GetOrSetLocal
Event: 89,784 Executing VM operation: GetOrSetLocal done
Event: 89,798 Executing VM operation: GetOrSetLocal
Event: 89,798 Executing VM operation: GetOrSetLocal done
Event: 89,798 Executing VM operation: GetOrSetLocal
Event: 89,798 Executing VM operation: GetOrSetLocal done


Dynamic libraries:
00400000-00401000 r-xp 00000000 08:08 10618008                           /usr/lib/jvm/java-7-openjdk-amd64/jre/bin/java
00600000-00601000 r--p 00000000 08:08 10618008                           /usr/lib/jvm/java-7-openjdk-amd64/jre/bin/java
00601000-00602000 rw-p 00001000 08:08 10618008                           /usr/lib/jvm/java-7-openjdk-amd64/jre/bin/java
00656000-00677000 rw-p 00000000 00:00 0                                  [heap]
77a800000-77bd00000 rw-p 00000000 00:00 0 
77bd00000-784e00000 rw-p 00000000 00:00 0 
784e00000-78a000000 rw-p 00000000 00:00 0 
78a000000-7d6f00000 rw-p 00000000 00:00 0 
7d6f00000-7d9800000 rw-p 00000000 00:00 0 
7d9800000-800000000 rw-p 00000000 00:00 0 
7f17a0000000-7f17a0021000 rw-p 00000000 00:00 0 
7f17a0021000-7f17a4000000 ---p 00000000 00:00 0 
7f17a8000000-7f17a8021000 rw-p 00000000 00:00 0 
7f17a8021000-7f17ac000000 ---p 00000000 00:00 0 
7f17ac000000-7f17ac021000 rw-p 00000000 00:00 0 
7f17ac021000-7f17b0000000 ---p 00000000 00:00 0 
7f17b0000000-7f17b0021000 rw-p 00000000 00:00 0 
7f17b0021000-7f17b4000000 ---p 00000000 00:00 0 
7f17b4000000-7f17b4021000 rw-p 00000000 00:00 0 
7f17b4021000-7f17b8000000 ---p 00000000 00:00 0 
7f17b8000000-7f17b8021000 rw-p 00000000 00:00 0 
7f17b8021000-7f17bc000000 ---p 00000000 00:00 0 
7f17bc000000-7f17bc021000 rw-p 00000000 00:00 0 
7f17bc021000-7f17c0000000 ---p 00000000 00:00 0 
7f17c0000000-7f17c0021000 rw-p 00000000 00:00 0 
7f17c0021000-7f17c4000000 ---p 00000000 00:00 0 
7f17c4000000-7f17c4021000 rw-p 00000000 00:00 0 
7f17c4021000-7f17c8000000 ---p 00000000 00:00 0 
7f17c8000000-7f17c8021000 rw-p 00000000 00:00 0 
7f17c8021000-7f17cc000000 ---p 00000000 00:00 0 
7f17cfd40000-7f17d4000000 rw-p 00000000 00:00 0 
7f17d4000000-7f17d4021000 rw-p 00000000 00:00 0 
7f17d4021000-7f17d8000000 ---p 00000000 00:00 0 
7f17d8000000-7f17d8021000 rw-p 00000000 00:00 0 
7f17d8021000-7f17dc000000 ---p 00000000 00:00 0 
7f17dc000000-7f17dc021000 rw-p 00000000 00:00 0 
7f17dc021000-7f17e0000000 ---p 00000000 00:00 0 
7f17e4000000-7f17e4021000 rw-p 00000000 00:00 0 
7f17e4021000-7f17e8000000 ---p 00000000 00:00 0 
7f17eb3ba000-7f17eb5f3000 rw-p 00000000 00:00 0 
7f17eb5f3000-7f17eb5f4000 ---p 00000000 00:00 0 
7f17eb5f4000-7f17eb6f4000 rw-p 00000000 00:00 0                          [stack:14194]
7f17eb6f4000-7f17eb6f7000 ---p 00000000 00:00 0 
7f17eb6f7000-7f17eb7f5000 rw-p 00000000 00:00 0                          [stack:14193]
7f17eb7f5000-7f17eb7f8000 ---p 00000000 00:00 0 
7f17eb7f8000-7f17eb8f6000 rw-p 00000000 00:00 0                          [stack:14192]
7f17eb8f6000-7f17eb8f9000 ---p 00000000 00:00 0 
7f17eb8f9000-7f17eb9f7000 rw-p 00000000 00:00 0                          [stack:14191]
7f17eb9f7000-7f17eb9fa000 ---p 00000000 00:00 0 
7f17eb9fa000-7f17ebaf8000 rw-p 00000000 00:00 0                          [stack:14188]
7f17ebaf8000-7f17ebafb000 ---p 00000000 00:00 0 
7f17ebafb000-7f17ebbf9000 rw-p 00000000 00:00 0                          [stack:14185]
7f17ebbf9000-7f17ebbfc000 ---p 00000000 00:00 0 
7f17ebbfc000-7f17ebcfa000 rw-p 00000000 00:00 0                          [stack:14184]
7f17ebcfa000-7f17ebcfe000 r-xp 00000000 08:08 10224284                   /usr/lib/jvm/java-7-openjdk-amd64/jre/lib/amd64/libdt_socket.so
7f17ebcfe000-7f17ebefd000 ---p 00004000 08:08 10224284                   /usr/lib/jvm/java-7-openjdk-amd64/jre/lib/amd64/libdt_socket.so
7f17ebefd000-7f17ebefe000 r--p 00003000 08:08 10224284                   /usr/lib/jvm/java-7-openjdk-amd64/jre/lib/amd64/libdt_socket.so
7f17ebefe000-7f17ebeff000 rw-p 00004000 08:08 10224284                   /usr/lib/jvm/java-7-openjdk-amd64/jre/lib/amd64/libdt_socket.so
7f17ebeff000-7f17ebf02000 ---p 00000000 00:00 0 
7f17ebf02000-7f17ec000000 rw-p 00000000 00:00 0                          [stack:14182]
7f17ec000000-7f17ec021000 rw-p 00000000 00:00 0 
7f17ec021000-7f17f0000000 ---p 00000000 00:00 0 
7f17f004c000-7f17f004f000 ---p 00000000 00:00 0 
7f17f004f000-7f17f014d000 rw-p 00000000 00:00 0                          [stack:14180]
7f17f014d000-7f17f0150000 ---p 00000000 00:00 0 
7f17f0150000-7f17f024e000 rw-p 00000000 00:00 0                          [stack:14179]
7f17f024e000-7f17f024f000 ---p 00000000 00:00 0 
7f17f024f000-7f17f1000000 rw-p 00000000 00:00 0                          [stack:14178]
7f17f1000000-7f17f1270000 rwxp 00000000 00:00 0 
7f17f1270000-7f17f411d000 rw-p 00000000 00:00 0 
7f17f411d000-7f17f8000000 ---p 00000000 00:00 0 
7f17f8006000-7f17f8352000 rw-p 00000000 00:00 0 
7f17f8352000-7f17f8504000 r--s 01d30000 08:08 10224271                   /usr/lib/jvm/java-7-openjdk-amd64/jre/lib/rt.jar
7f17f8504000-7f17f8a53000 rw-p 00000000 00:00 0 
7f17f8a53000-7f17f8a54000 ---p 00000000 00:00 0 
7f17f8a54000-7f17f8b54000 rw-p 00000000 00:00 0                          [stack:14177]
7f17f8b54000-7f17f8b55000 ---p 00000000 00:00 0 
7f17f8b55000-7f17f8c55000 rw-p 00000000 00:00 0                          [stack:14176]
7f17f8c55000-7f17f8c56000 ---p 00000000 00:00 0 
7f17f8c56000-7f17f8d56000 rw-p 00000000 00:00 0                          [stack:14175]
7f17f8d56000-7f17f8d57000 ---p 00000000 00:00 0 
7f17f8d57000-7f17f8e62000 rw-p 00000000 00:00 0                          [stack:14174]
7f17f8e62000-7f17f8eaa000 rw-p 00000000 00:00 0 
7f17f8eaa000-7f17f8ed3000 rw-p 00000000 00:00 0 
7f17f8ed3000-7f17f913b000 rw-p 00000000 00:00 0 
7f17f913b000-7f17f9146000 rw-p 00000000 00:00 0 
7f17f9146000-7f17f918e000 rw-p 00000000 00:00 0 
7f17f918e000-7f17f91b7000 rw-p 00000000 00:00 0 
7f17f91b7000-7f17f941e000 rw-p 00000000 00:00 0 
7f17f941e000-7f17f9433000 rw-p 00000000 00:00 0 
7f17f9433000-7f17f9567000 rw-p 00000000 00:00 0 
7f17f9567000-7f17f9568000 rw-p 00000000 00:00 0 
7f17f9568000-7f17f9570000 r-xp 00000000 08:08 10224281                   /usr/lib/jvm/java-7-openjdk-amd64/jre/lib/amd64/libzip.so
7f17f9570000-7f17f976f000 ---p 00008000 08:08 10224281                   /usr/lib/jvm/java-7-openjdk-amd64/jre/lib/amd64/libzip.so
7f17f976f000-7f17f9770000 r--p 00007000 08:08 10224281                   /usr/lib/jvm/java-7-openjdk-amd64/jre/lib/amd64/libzip.so
7f17f9770000-7f17f9771000 rw-p 00008000 08:08 10224281                   /usr/lib/jvm/java-7-openjdk-amd64/jre/lib/amd64/libzip.so
7f17f9771000-7f17f977d000 r-xp 00000000 08:08 15860056                   /lib/x86_64-linux-gnu/libnss_files-2.21.so
7f17f977d000-7f17f997c000 ---p 0000c000 08:08 15860056                   /lib/x86_64-linux-gnu/libnss_files-2.21.so
7f17f997c000-7f17f997d000 r--p 0000b000 08:08 15860056                   /lib/x86_64-linux-gnu/libnss_files-2.21.so
7f17f997d000-7f17f997e000 rw-p 0000c000 08:08 15860056                   /lib/x86_64-linux-gnu/libnss_files-2.21.so
7f17f997e000-7f17f9989000 r-xp 00000000 08:08 15859969                   /lib/x86_64-linux-gnu/libnss_nis-2.21.so
7f17f9989000-7f17f9b88000 ---p 0000b000 08:08 15859969                   /lib/x86_64-linux-gnu/libnss_nis-2.21.so
7f17f9b88000-7f17f9b89000 r--p 0000a000 08:08 15859969                   /lib/x86_64-linux-gnu/libnss_nis-2.21.so
7f17f9b89000-7f17f9b8a000 rw-p 0000b000 08:08 15859969                   /lib/x86_64-linux-gnu/libnss_nis-2.21.so
7f17f9b8a000-7f17f9ba1000 r-xp 00000000 08:08 15860062                   /lib/x86_64-linux-gnu/libnsl-2.21.so
7f17f9ba1000-7f17f9da0000 ---p 00017000 08:08 15860062                   /lib/x86_64-linux-gnu/libnsl-2.21.so
7f17f9da0000-7f17f9da1000 r--p 00016000 08:08 15860062                   /lib/x86_64-linux-gnu/libnsl-2.21.so
7f17f9da1000-7f17f9da2000 rw-p 00017000 08:08 15860062                   /lib/x86_64-linux-gnu/libnsl-2.21.so
7f17f9da2000-7f17f9da4000 rw-p 00000000 00:00 0 
7f17f9da4000-7f17f9dac000 r-xp 00000000 08:08 15860058                   /lib/x86_64-linux-gnu/libnss_compat-2.21.so
7f17f9dac000-7f17f9fab000 ---p 00008000 08:08 15860058                   /lib/x86_64-linux-gnu/libnss_compat-2.21.so
7f17f9fab000-7f17f9fac000 r--p 00007000 08:08 15860058                   /lib/x86_64-linux-gnu/libnss_compat-2.21.so
7f17f9fac000-7f17f9fad000 rw-p 00008000 08:08 15860058                   /lib/x86_64-linux-gnu/libnss_compat-2.21.so
7f17f9fad000-7f17fa3e5000 r--p 00000000 08:08 8652527                    /usr/lib/locale/locale-archive
7f17fa3e5000-7f17fa3e7000 r-xp 00000000 08:08 10224288                   /usr/lib/jvm/java-7-openjdk-amd64/jre/lib/amd64/libnpt.so
7f17fa3e7000-7f17fa5e7000 ---p 00002000 08:08 10224288                   /usr/lib/jvm/java-7-openjdk-amd64/jre/lib/amd64/libnpt.so
7f17fa5e7000-7f17fa5e8000 r--p 00002000 08:08 10224288                   /usr/lib/jvm/java-7-openjdk-amd64/jre/lib/amd64/libnpt.so
7f17fa5e8000-7f17fa5e9000 rw-p 00003000 08:08 10224288                   /usr/lib/jvm/java-7-openjdk-amd64/jre/lib/amd64/libnpt.so
7f17fa5e9000-7f17fa624000 r-xp 00000000 08:08 10224293                   /usr/lib/jvm/java-7-openjdk-amd64/jre/lib/amd64/libjdwp.so
7f17fa624000-7f17fa823000 ---p 0003b000 08:08 10224293                   /usr/lib/jvm/java-7-openjdk-amd64/jre/lib/amd64/libjdwp.so
7f17fa823000-7f17fa824000 r--p 0003a000 08:08 10224293                   /usr/lib/jvm/java-7-openjdk-amd64/jre/lib/amd64/libjdwp.so
7f17fa824000-7f17fa825000 rw-p 0003b000 08:08 10224293                   /usr/lib/jvm/java-7-openjdk-amd64/jre/lib/amd64/libjdwp.so
7f17fa825000-7f17fa826000 rw-p 00000000 00:00 0 
7f17fa826000-7f17fa853000 r-xp 00000000 08:08 10224289                   /usr/lib/jvm/java-7-openjdk-amd64/jre/lib/amd64/libjava.so
7f17fa853000-7f17faa52000 ---p 0002d000 08:08 10224289                   /usr/lib/jvm/java-7-openjdk-amd64/jre/lib/amd64/libjava.so
7f17faa52000-7f17faa53000 r--p 0002c000 08:08 10224289                   /usr/lib/jvm/java-7-openjdk-amd64/jre/lib/amd64/libjava.so
7f17faa53000-7f17faa55000 rw-p 0002d000 08:08 10224289                   /usr/lib/jvm/java-7-openjdk-amd64/jre/lib/amd64/libjava.so
7f17faa55000-7f17faa64000 r-xp 00000000 08:08 10224304                   /usr/lib/jvm/java-7-openjdk-amd64/jre/lib/amd64/libverify.so
7f17faa64000-7f17fac63000 ---p 0000f000 08:08 10224304                   /usr/lib/jvm/java-7-openjdk-amd64/jre/lib/amd64/libverify.so
7f17fac63000-7f17fac66000 r--p 0000e000 08:08 10224304                   /usr/lib/jvm/java-7-openjdk-amd64/jre/lib/amd64/libverify.so
7f17fac66000-7f17fac67000 rw-p 00011000 08:08 10224304                   /usr/lib/jvm/java-7-openjdk-amd64/jre/lib/amd64/libverify.so
7f17fac67000-7f17fac6e000 r-xp 00000000 08:08 15860063                   /lib/x86_64-linux-gnu/librt-2.21.so
7f17fac6e000-7f17fae6d000 ---p 00007000 08:08 15860063                   /lib/x86_64-linux-gnu/librt-2.21.so
7f17fae6d000-7f17fae6e000 r--p 00006000 08:08 15860063                   /lib/x86_64-linux-gnu/librt-2.21.so
7f17fae6e000-7f17fae6f000 rw-p 00007000 08:08 15860063                   /lib/x86_64-linux-gnu/librt-2.21.so
7f17fae6f000-7f17fae85000 r-xp 00000000 08:08 15859913                   /lib/x86_64-linux-gnu/libgcc_s.so.1
7f17fae85000-7f17fb084000 ---p 00016000 08:08 15859913                   /lib/x86_64-linux-gnu/libgcc_s.so.1
7f17fb084000-7f17fb085000 rw-p 00015000 08:08 15859913                   /lib/x86_64-linux-gnu/libgcc_s.so.1
7f17fb085000-7f17fb18c000 r-xp 00000000 08:08 15860061                   /lib/x86_64-linux-gnu/libm-2.21.so
7f17fb18c000-7f17fb38b000 ---p 00107000 08:08 15860061                   /lib/x86_64-linux-gnu/libm-2.21.so
7f17fb38b000-7f17fb38c000 r--p 00106000 08:08 15860061                   /lib/x86_64-linux-gnu/libm-2.21.so
7f17fb38c000-7f17fb38d000 rw-p 00107000 08:08 15860061                   /lib/x86_64-linux-gnu/libm-2.21.so
7f17fb38d000-7f17fb47d000 r-xp 00000000 08:08 8650822                    /usr/lib/x86_64-linux-gnu/libstdc++.so.6.0.20
7f17fb47d000-7f17fb67d000 ---p 000f0000 08:08 8650822                    /usr/lib/x86_64-linux-gnu/libstdc++.so.6.0.20
7f17fb67d000-7f17fb685000 r--p 000f0000 08:08 8650822                    /usr/lib/x86_64-linux-gnu/libstdc++.so.6.0.20
7f17fb685000-7f17fb687000 rw-p 000f8000 08:08 8650822                    /usr/lib/x86_64-linux-gnu/libstdc++.so.6.0.20
7f17fb687000-7f17fb69c000 rw-p 00000000 00:00 0 
7f17fb69c000-7f17fc1fc000 r-xp 00000000 08:08 10224296                   /usr/lib/jvm/java-7-openjdk-amd64/jre/lib/amd64/server/libjvm.so
7f17fc1fc000-7f17fc3fc000 ---p 00b60000 08:08 10224296                   /usr/lib/jvm/java-7-openjdk-amd64/jre/lib/amd64/server/libjvm.so
7f17fc3fc000-7f17fc49b000 r--p 00b60000 08:08 10224296                   /usr/lib/jvm/java-7-openjdk-amd64/jre/lib/amd64/server/libjvm.so
7f17fc49b000-7f17fc4be000 rw-p 00bff000 08:08 10224296                   /usr/lib/jvm/java-7-openjdk-amd64/jre/lib/amd64/server/libjvm.so
7f17fc4be000-7f17fc4eb000 rw-p 00000000 00:00 0 
7f17fc4eb000-7f17fc504000 r-xp 00000000 08:08 15859877                   /lib/x86_64-linux-gnu/libz.so.1.2.8
7f17fc504000-7f17fc704000 ---p 00019000 08:08 15859877                   /lib/x86_64-linux-gnu/libz.so.1.2.8
7f17fc704000-7f17fc705000 r--p 00019000 08:08 15859877                   /lib/x86_64-linux-gnu/libz.so.1.2.8
7f17fc705000-7f17fc706000 rw-p 0001a000 08:08 15859877                   /lib/x86_64-linux-gnu/libz.so.1.2.8
7f17fc706000-7f17fc71e000 r-xp 00000000 08:08 15860053                   /lib/x86_64-linux-gnu/libpthread-2.21.so
7f17fc71e000-7f17fc91e000 ---p 00018000 08:08 15860053                   /lib/x86_64-linux-gnu/libpthread-2.21.so
7f17fc91e000-7f17fc91f000 r--p 00018000 08:08 15860053                   /lib/x86_64-linux-gnu/libpthread-2.21.so
7f17fc91f000-7f17fc920000 rw-p 00019000 08:08 15860053                   /lib/x86_64-linux-gnu/libpthread-2.21.so
7f17fc920000-7f17fc924000 rw-p 00000000 00:00 0 
7f17fc924000-7f17fc927000 r-xp 00000000 08:08 15860011                   /lib/x86_64-linux-gnu/libdl-2.21.so
7f17fc927000-7f17fcb26000 ---p 00003000 08:08 15860011                   /lib/x86_64-linux-gnu/libdl-2.21.so
7f17fcb26000-7f17fcb27000 r--p 00002000 08:08 15860011                   /lib/x86_64-linux-gnu/libdl-2.21.so
7f17fcb27000-7f17fcb28000 rw-p 00003000 08:08 15860011                   /lib/x86_64-linux-gnu/libdl-2.21.so
7f17fcb28000-7f17fcce8000 r-xp 00000000 08:08 15860066                   /lib/x86_64-linux-gnu/libc-2.21.so
7f17fcce8000-7f17fcee8000 ---p 001c0000 08:08 15860066                   /lib/x86_64-linux-gnu/libc-2.21.so
7f17fcee8000-7f17fceec000 r--p 001c0000 08:08 15860066                   /lib/x86_64-linux-gnu/libc-2.21.so
7f17fceec000-7f17fceee000 rw-p 001c4000 08:08 15860066                   /lib/x86_64-linux-gnu/libc-2.21.so
7f17fceee000-7f17fcef2000 rw-p 00000000 00:00 0 
7f17fcef2000-7f17fceff000 r-xp 00000000 08:08 10224305                   /usr/lib/jvm/java-7-openjdk-amd64/jre/lib/amd64/jli/libjli.so
7f17fceff000-7f17fd0fe000 ---p 0000d000 08:08 10224305                   /usr/lib/jvm/java-7-openjdk-amd64/jre/lib/amd64/jli/libjli.so
7f17fd0fe000-7f17fd0ff000 r--p 0000c000 08:08 10224305                   /usr/lib/jvm/java-7-openjdk-amd64/jre/lib/amd64/jli/libjli.so
7f17fd0ff000-7f17fd100000 rw-p 0000d000 08:08 10224305                   /usr/lib/jvm/java-7-openjdk-amd64/jre/lib/amd64/jli/libjli.so
7f17fd100000-7f17fd124000 r-xp 00000000 08:08 15860052                   /lib/x86_64-linux-gnu/ld-2.21.so
7f17fd13b000-7f17fd147000 rw-p 00000000 00:00 0 
7f17fd147000-7f17fd1fd000 rw-p 00000000 00:00 0 
7f17fd1fd000-7f17fd200000 ---p 00000000 00:00 0 
7f17fd200000-7f17fd303000 rw-p 00000000 00:00 0                          [stack:14173]
7f17fd303000-7f17fd304000 r--s 00002000 08:08 10224268                   /usr/lib/jvm/java-7-openjdk-amd64/jre/lib/ext/dnsns.jar
7f17fd304000-7f17fd307000 r--s 0000f000 08:08 10224265                   /usr/lib/jvm/java-7-openjdk-amd64/jre/lib/ext/icedtea-sound.jar
7f17fd307000-7f17fd30b000 r--s 00085000 08:08 10224264                   /usr/lib/jvm/java-7-openjdk-amd64/jre/lib/ext/localedata.jar
7f17fd30b000-7f17fd30d000 r--s 00006000 08:08 9044012                    /usr/share/java/java-atk-wrapper.jar
7f17fd30d000-7f17fd311000 r--s 0003c000 08:08 10224267                   /usr/lib/jvm/java-7-openjdk-amd64/jre/lib/ext/sunpkcs11.jar
7f17fd311000-7f17fd315000 r--s 00034000 08:08 10224266                   /usr/lib/jvm/java-7-openjdk-amd64/jre/lib/ext/sunjce_provider.jar
7f17fd315000-7f17fd317000 r--s 00012000 08:08 10224263                   /usr/lib/jvm/java-7-openjdk-amd64/jre/lib/ext/zipfs.jar
7f17fd317000-7f17fd31f000 rw-s 00000000 08:08 12189732                   /tmp/hsperfdata_illya/14167
7f17fd31f000-7f17fd320000 rw-p 00000000 00:00 0 
7f17fd320000-7f17fd321000 r--p 00000000 00:00 0 
7f17fd321000-7f17fd323000 rw-p 00000000 00:00 0 
7f17fd323000-7f17fd324000 r--p 00023000 08:08 15860052                   /lib/x86_64-linux-gnu/ld-2.21.so
7f17fd324000-7f17fd325000 rw-p 00024000 08:08 15860052                   /lib/x86_64-linux-gnu/ld-2.21.so
7f17fd325000-7f17fd326000 rw-p 00000000 00:00 0 
7ffc6cc96000-7ffc6ccb7000 rw-p 00000000 00:00 0                          [stack]
7ffc6cdaa000-7ffc6cdac000 r--p 00000000 00:00 0                          [vvar]
7ffc6cdac000-7ffc6cdae000 r-xp 00000000 00:00 0                          [vdso]
ffffffffff600000-ffffffffff601000 r-xp 00000000 00:00 0                  [vsyscall]

VM Arguments:
jvm_args: -agentlib:jdwp=transport=dt_socket,suspend=y,address=localhost:46571 -Dfile.encoding=UTF-8 
java_command: org.mariadb.dyncol.DynCol
Launcher Type: SUN_STANDARD

Environment Variables:
PATH=/usr/local/sbin:/usr/local/bin:/usr/sbin:/usr/bin:/sbin:/bin:/usr/games:/usr/local/games
SHELL=/bin/bash
DISPLAY=:0

Signal Handlers:
SIGSEGV: [libjvm.so+0x992480], sa_mask[0]=0x7ffbfeff, sa_flags=0x10000004
SIGBUS: [libjvm.so+0x992480], sa_mask[0]=0x7ffbfeff, sa_flags=0x10000004
SIGFPE: [libjvm.so+0x7fed30], sa_mask[0]=0x7ffbfeff, sa_flags=0x10000004
SIGPIPE: [libjvm.so+0x7fed30], sa_mask[0]=0x7ffbfeff, sa_flags=0x10000004
SIGXFSZ: [libjvm.so+0x7fed30], sa_mask[0]=0x7ffbfeff, sa_flags=0x10000004
SIGILL: [libjvm.so+0x7fed30], sa_mask[0]=0x7ffbfeff, sa_flags=0x10000004
SIGUSR1: SIG_DFL, sa_mask[0]=0x00000000, sa_flags=0x00000000
SIGUSR2: [libjvm.so+0x7febb0], sa_mask[0]=0x00000004, sa_flags=0x10000004
SIGHUP: [libjvm.so+0x7fedb0], sa_mask[0]=0x7ffbfeff, sa_flags=0x10000004
SIGINT: [libjvm.so+0x7fedb0], sa_mask[0]=0x7ffbfeff, sa_flags=0x10000004
SIGTERM: [libjvm.so+0x7fedb0], sa_mask[0]=0x7ffbfeff, sa_flags=0x10000004
SIGQUIT: [libjvm.so+0x7fedb0], sa_mask[0]=0x7ffbfeff, sa_flags=0x10000004
SIGTRAP: SIG_DFL, sa_mask[0]=0x00000000, sa_flags=0x00000000


---------------  S Y S T E M  ---------------

OS:Ubuntu 15.04 (vivid)
uname:Linux 3.19.0-26-generic #28-Ubuntu SMP Tue Aug 11 14:16:32 UTC 2015 x86_64
libc:glibc 2.21 NPTL 2.21 
rlimit: STACK 8192k, CORE 0k, NPROC 31132, NOFILE 65536, AS infinity
load average:0,03 0,31 0,42

/proc/meminfo:
MemTotal:        8065352 kB
MemFree:         1898600 kB
MemAvailable:    4111936 kB
Buffers:          279580 kB
Cached:          2643512 kB
SwapCached:            0 kB
Active:          4251304 kB
Inactive:        1565728 kB
Active(anon):    2899508 kB
Inactive(anon):   617908 kB
Active(file):    1351796 kB
Inactive(file):   947820 kB
Unevictable:         100 kB
Mlocked:             100 kB
SwapTotal:       8278012 kB
SwapFree:        8278012 kB
Dirty:               120 kB
Writeback:             0 kB
AnonPages:       2894144 kB
Mapped:           644656 kB
Shmem:            623480 kB
Slab:             207444 kB
SReclaimable:     165312 kB
SUnreclaim:        42132 kB
KernelStack:       12720 kB
PageTables:        54148 kB
NFS_Unstable:          0 kB
Bounce:                0 kB
WritebackTmp:          0 kB
CommitLimit:    12310688 kB
Committed_AS:   10267300 kB
VmallocTotal:   34359738367 kB
VmallocUsed:      558240 kB
VmallocChunk:   34359088856 kB
HardwareCorrupted:     0 kB
AnonHugePages:   1165312 kB
CmaTotal:              0 kB
CmaFree:               0 kB
HugePages_Total:       0
HugePages_Free:        0
HugePages_Rsvd:        0
HugePages_Surp:        0
Hugepagesize:       2048 kB
DirectMap4k:      209664 kB
DirectMap2M:     8069120 kB
DirectMap1G:     1048576 kB


CPU:total 4 (2 cores per cpu, 2 threads per core) family 6 model 69 stepping 1, cmov, cx8, fxsr, mmx, sse, sse2, sse3, ssse3, sse4.1, sse4.2, popcnt, avx, avx2, aes, erms, ht, tsc, tscinvbit

/proc/cpuinfo:
processor	: 0
vendor_id	: GenuineIntel
cpu family	: 6
model		: 69
model name	: Intel(R) Core(TM) i7-4500U CPU @ 1.80GHz
stepping	: 1
microcode	: 0x1c
cpu MHz		: 2112.187
cache size	: 4096 KB
physical id	: 0
siblings	: 4
core id		: 0
cpu cores	: 2
apicid		: 0
initial apicid	: 0
fpu		: yes
fpu_exception	: yes
cpuid level	: 13
wp		: yes
flags		: fpu vme de pse tsc msr pae mce cx8 apic sep mtrr pge mca cmov pat pse36 clflush dts acpi mmx fxsr sse sse2 ss ht tm pbe syscall nx pdpe1gb rdtscp lm constant_tsc arch_perfmon pebs bts rep_good nopl xtopology nonstop_tsc aperfmperf eagerfpu pni pclmulqdq dtes64 monitor ds_cpl vmx est tm2 ssse3 fma cx16 xtpr pdcm pcid sse4_1 sse4_2 movbe popcnt tsc_deadline_timer aes xsave avx f16c rdrand lahf_lm abm ida arat epb pln pts dtherm tpr_shadow vnmi flexpriority ept vpid fsgsbase tsc_adjust bmi1 avx2 smep bmi2 erms invpcid xsaveopt
bugs		:
bogomips	: 4789.03
clflush size	: 64
cache_alignment	: 64
address sizes	: 39 bits physical, 48 bits virtual
power management:

processor	: 1
vendor_id	: GenuineIntel
cpu family	: 6
model		: 69
model name	: Intel(R) Core(TM) i7-4500U CPU @ 1.80GHz
stepping	: 1
microcode	: 0x1c
cpu MHz		: 2217.937
cache size	: 4096 KB
physical id	: 0
siblings	: 4
core id		: 0
cpu cores	: 2
apicid		: 1
initial apicid	: 1
fpu		: yes
fpu_exception	: yes
cpuid level	: 13
wp		: yes
flags		: fpu vme de pse tsc msr pae mce cx8 apic sep mtrr pge mca cmov pat pse36 clflush dts acpi mmx fxsr sse sse2 ss ht tm pbe syscall nx pdpe1gb rdtscp lm constant_tsc arch_perfmon pebs bts rep_good nopl xtopology nonstop_tsc aperfmperf eagerfpu pni pclmulqdq dtes64 monitor ds_cpl vmx est tm2 ssse3 fma cx16 xtpr pdcm pcid sse4_1 sse4_2 movbe popcnt tsc_deadline_timer aes xsave avx f16c rdrand lahf_lm abm ida arat epb pln pts dtherm tpr_shadow vnmi flexpriority ept vpid fsgsbase tsc_adjust bmi1 avx2 smep bmi2 erms invpcid xsaveopt
bugs		:
bogomips	: 4789.03
clflush size	: 64
cache_alignment	: 64
address sizes	: 39 bits physical, 48 bits virtual
power management:

processor	: 2
vendor_id	: GenuineIntel
cpu family	: 6
model		: 69
model name	: Intel(R) Core(TM) i7-4500U CPU @ 1.80GHz
stepping	: 1
microcode	: 0x1c
cpu MHz		: 2682.093
cache size	: 4096 KB
physical id	: 0
siblings	: 4
core id		: 1
cpu cores	: 2
apicid		: 2
initial apicid	: 2
fpu		: yes
fpu_exception	: yes
cpuid level	: 13
wp		: yes
flags		: fpu vme de pse tsc msr pae mce cx8 apic sep mtrr pge mca cmov pat pse36 clflush dts acpi mmx fxsr sse sse2 ss ht tm pbe syscall nx pdpe1gb rdtscp lm constant_tsc arch_perfmon pebs bts rep_good nopl xtopology nonstop_tsc aperfmperf eagerfpu pni pclmulqdq dtes64 monitor ds_cpl vmx est tm2 ssse3 fma cx16 xtpr pdcm pcid sse4_1 sse4_2 movbe popcnt tsc_deadline_timer aes xsave avx f16c rdrand lahf_lm abm ida arat epb pln pts dtherm tpr_shadow vnmi flexpriority ept vpid fsgsbase tsc_adjust bmi1 avx2 smep bmi2 erms invpcid xsaveopt
bugs		:
bogomips	: 4789.03
clflush size	: 64
cache_alignment	: 64
address sizes	: 39 bits physical, 48 bits virtual
power management:

processor	: 3
vendor_id	: GenuineIntel
cpu family	: 6
model		: 69
model name	: Intel(R) Core(TM) i7-4500U CPU @ 1.80GHz
stepping	: 1
microcode	: 0x1c
cpu MHz		: 2818.593
cache size	: 4096 KB
physical id	: 0
siblings	: 4
core id		: 1
cpu cores	: 2
apicid		: 3
initial apicid	: 3
fpu		: yes
fpu_exception	: yes
cpuid level	: 13
wp		: yes
flags		: fpu vme de pse tsc msr pae mce cx8 apic sep mtrr pge mca cmov pat pse36 clflush dts acpi mmx fxsr sse sse2 ss ht tm pbe syscall nx pdpe1gb rdtscp lm constant_tsc arch_perfmon pebs bts rep_good nopl xtopology nonstop_tsc aperfmperf eagerfpu pni pclmulqdq dtes64 monitor ds_cpl vmx est tm2 ssse3 fma cx16 xtpr pdcm pcid sse4_1 sse4_2 movbe popcnt tsc_deadline_timer aes xsave avx f16c rdrand lahf_lm abm ida arat epb pln pts dtherm tpr_shadow vnmi flexpriority ept vpid fsgsbase tsc_adjust bmi1 avx2 smep bmi2 erms invpcid xsaveopt
bugs		:
bogomips	: 4789.03
clflush size	: 64
cache_alignment	: 64
address sizes	: 39 bits physical, 48 bits virtual
power management:



Memory: 4k page, physical 8065352k(1898600k free), swap 8278012k(8278012k free)

vm_info: OpenJDK 64-Bit Server VM (24.85-b03) for linux-amd64 JRE (1.7.0_85-b01), built on Oct 22 2015 10:09:03 by "buildd" with gcc 4.9.2

time: Wed Nov 11 22:05:57 2015
elapsed time: 89 seconds

